<<<<<<< HEAD
Thu Apr 21 17:11:49 UTC 2022: 
 treemap.c | 19 +++++++++++++++----
 1 file changed, 15 insertions(+), 4 deletions(-)
 tests:  4|7
total_score: 5/70
4f88c07
Thu Apr 21 17:22:56 UTC 2022: 
 treemap.c | 11 +++++++++++
 1 file changed, 11 insertions(+)
In file included from test.c:4:0:
treemap.c: In function ‘searchTreeMap’:
treemap.c:84:7: error: incompatible types when assigning to type ‘TreeNode {aka struct TreeNode}’ from type ‘TreeNode * {aka struct TreeNode *}’
   aux = tree->root;
       ^
treemap.c:86:9: error: invalid type argument of ‘->’ (have ‘TreeNode {aka struct TreeNode}’)
   if(aux->key == key)
         ^~
treemap.c:87:15: error: invalid type argument of ‘->’ (have ‘TreeNode {aka struct TreeNode}’)
     return aux->key;
               ^~
treemap.c:90:11: error: invalid type argument of ‘->’ (have ‘TreeNode {aka struct TreeNode}’)
     if(aux->key > key)
           ^~
treemap.c:91:17: error: invalid type argument of ‘->’ (have ‘TreeNode {aka struct TreeNode}’)
       return aux->right;
                 ^~
treemap.c:93:19: error: invalid type argument of ‘->’ (have ‘TreeNode {aka struct TreeNode}’)
         return aux->left;
                   ^~
Compilation failed
d1b51c8
Thu Apr 21 17:23:15 UTC 2022: 
 treemap.c | 2 +-
 1 file changed, 1 insertion(+), 1 deletion(-)
In file included from test.c:4:0:
treemap.c: In function ‘searchTreeMap’:
treemap.c:86:9: error: ‘TreeNode {aka struct TreeNode}’ has no member named ‘key’
   if(aux->key == key)
         ^~
treemap.c:87:15: error: ‘TreeNode {aka struct TreeNode}’ has no member named ‘key’
     return aux->key;
               ^~
treemap.c:90:11: error: ‘TreeNode {aka struct TreeNode}’ has no member named ‘key’
     if(aux->key > key)
           ^~
treemap.c:91:17: error: return from incompatible pointer type [-Werror=incompatible-pointer-types]
       return aux->right;
              ~~~^~~~~~~
treemap.c:93:19: error: return from incompatible pointer type [-Werror=incompatible-pointer-types]
         return aux->left;
                ~~~^~~~~~
cc1: all warnings being treated as errors
Compilation failed
62bf418
Thu Apr 21 17:25:53 UTC 2022: 
 treemap.c | 10 +++++-----
 1 file changed, 5 insertions(+), 5 deletions(-)
In file included from test.c:4:0:
treemap.c: In function ‘searchTreeMap’:
treemap.c:86:9: error: ‘TreeNode {aka struct TreeNode}’ has no member named ‘root’
   if(aux->root->pair == key)
         ^~
treemap.c:87:15: error: ‘TreeNode {aka struct TreeNode}’ has no member named ‘root’
     return aux->root->pair;
               ^~
treemap.c:90:25: error: comparison of distinct pointer types lacks a cast [-Werror]
     if(aux->right->pair > key)
                         ^
cc1: all warnings being treated as errors
Compilation failed
687a320
Thu Apr 21 17:31:27 UTC 2022: 
 treemap.c | 20 ++++++++++++++------
 1 file changed, 14 insertions(+), 6 deletions(-)
In file included from test.c:4:0:
treemap.c: In function ‘searchTreeMap’:
treemap.c:86:13: error: ‘TreeMap {aka struct TreeMap}’ has no member named ‘left’
   while(tree->left != NULL || tree->right != NULL)
             ^~
treemap.c:86:35: error: ‘TreeMap {aka struct TreeMap}’ has no member named ‘right’
   while(tree->left != NULL || tree->right != NULL)
                                   ^~
treemap.c:92:5: error: expected ‘;’ before ‘}’ token
     }
     ^
treemap.c:99:7: error: expected ‘;’ before ‘}’ token
       }
       ^
Compilation failed
03b571a
Thu Apr 21 17:32:06 UTC 2022: 
 treemap.c | 4 ++--
 1 file changed, 2 insertions(+), 2 deletions(-)
In file included from test.c:4:0:
treemap.c: In function ‘searchTreeMap’:
treemap.c:86:13: error: ‘TreeMap {aka struct TreeMap}’ has no member named ‘left’
   while(tree->left != NULL || tree->right != NULL)
             ^~
treemap.c:86:35: error: ‘TreeMap {aka struct TreeMap}’ has no member named ‘right’
   while(tree->left != NULL || tree->right != NULL)
                                   ^~
Compilation failed
0971391
Thu Apr 21 17:34:27 UTC 2022: 
 treemap.c | 17 -----------------
 1 file changed, 17 deletions(-)
In file included from test.c:4:0:
treemap.c: In function ‘searchTreeMap’:
treemap.c:83:13: error: variable ‘aux’ set but not used [-Werror=unused-but-set-variable]
   TreeNode* aux;
             ^~~
cc1: all warnings being treated as errors
Compilation failed
52da7e3
Thu Apr 21 17:34:46 UTC 2022: 
 treemap.c | 4 ++--
 1 file changed, 2 insertions(+), 2 deletions(-)
 tests:  4|7
total_score: 5/70
89f44db
Thu Apr 21 17:39:38 UTC 2022: 
 treemap.c | 15 +++++++++++++--
 1 file changed, 13 insertions(+), 2 deletions(-)
In file included from test.c:4:0:
treemap.c: In function ‘searchTreeMap’:
treemap.c:93:17: error: return from incompatible pointer type [-Werror=incompatible-pointer-types]
       return aux->left
              ~~~^~~~~~
treemap.c:94:5: error: expected ‘;’ before ‘}’ token
     }
     ^
cc1: all warnings being treated as errors
Compilation failed
2143e58
Thu Apr 21 17:39:52 UTC 2022: 
 treemap.c | 2 +-
 1 file changed, 1 insertion(+), 1 deletion(-)
In file included from test.c:4:0:
treemap.c: In function ‘searchTreeMap’:
treemap.c:93:17: error: return from incompatible pointer type [-Werror=incompatible-pointer-types]
       return aux->left;
              ~~~^~~~~~
cc1: all warnings being treated as errors
Compilation failed
442bb54
Thu Apr 21 17:41:14 UTC 2022: 
 treemap.c | 2 +-
 1 file changed, 1 insertion(+), 1 deletion(-)
In file included from test.c:4:0:
treemap.c: In function ‘searchTreeMap’:
treemap.c:93:17: error: return from incompatible pointer type [-Werror=incompatible-pointer-types]
       return aux->left;
              ~~~^~~~~~
cc1: all warnings being treated as errors
Compilation failed
a881cc0
Thu Apr 21 17:41:44 UTC 2022: 
 treemap.c | 4 ++--
 1 file changed, 2 insertions(+), 2 deletions(-)
 tests:  4|7
total_score: 5/70
a0e14a1
Thu Apr 21 17:42:29 UTC 2022: 
 treemap.c | 7 ++++++-
 1 file changed, 6 insertions(+), 1 deletion(-)
 tests:  4|7
total_score: 5/70
e6cc395
Thu Apr 21 17:43:37 UTC 2022: 
 treemap.c | 7 +------
 1 file changed, 1 insertion(+), 6 deletions(-)
 tests:  4|7
total_score: 5/70
30f90f3
Thu Apr 21 17:48:04 UTC 2022: 
 treemap.c | 11 ++++++++++-
 1 file changed, 10 insertions(+), 1 deletion(-)
In file included from test.c:4:0:
treemap.c: In function ‘searchTreeMap’:
treemap.c:87:9: error: ‘TreeNode {aka struct TreeNode}’ has no member named ‘root’
   if(aux->root == key)
         ^~
treemap.c:89:24: error: ‘TreeNode {aka struct TreeNode}’ has no member named ‘root’
     tree->current = aux->root;
                        ^~
treemap.c:90:15: error: ‘TreeNode {aka struct TreeNode}’ has no member named ‘root’
     return aux->root->pair;
               ^~
treemap.c:94:17: error: ‘TreeNode {aka struct TreeNode}’ has no member named ‘root’
     if(key < aux->root)
                 ^~
Compilation failed
ee650ef
Thu Apr 21 17:49:21 UTC 2022: 
 treemap.c | 8 ++++----
 1 file changed, 4 insertions(+), 4 deletions(-)
In file included from test.c:4:0:
treemap.c: In function ‘searchTreeMap’:
treemap.c:87:11: error: ‘TreeNode {aka struct TreeNode}’ has no member named ‘pareent’; did you mean ‘parent’?
   if(aux->pareent == key)
           ^~~~~~~
           parent
treemap.c:94:12: error: comparison of distinct pointer types lacks a cast [-Werror]
     if(key < aux->parent)
            ^
cc1: all warnings being treated as errors
Compilation failed
1adb74a
Thu Apr 21 17:49:33 UTC 2022: 
 treemap.c | 2 +-
 1 file changed, 1 insertion(+), 1 deletion(-)
In file included from test.c:4:0:
treemap.c: In function ‘searchTreeMap’:
treemap.c:94:12: error: comparison of distinct pointer types lacks a cast [-Werror]
     if(key < aux->parent)
            ^
cc1: all warnings being treated as errors
Compilation failed
1649024
Thu Apr 21 18:01:03 UTC 2022: 
 treemap.c | 22 +++++++++-------------
 1 file changed, 9 insertions(+), 13 deletions(-)
In file included from test.c:4:0:
treemap.c: In function ‘searchTreeMap’:
treemap.c:93:47: error: comparison between pointer and integer [-Werror]
       if(tree->lower_than(aux->pair->key, key == 1))
                                               ^~
treemap.c:93:43: error: passing argument 2 of ‘tree->lower_than’ makes pointer from integer without a cast [-Werror=int-conversion]
       if(tree->lower_than(aux->pair->key, key == 1))
                                           ^~~
treemap.c:93:43: note: expected ‘void *’ but argument is of type ‘int’
cc1: all warnings being treated as errors
Compilation failed
b2e5333
Thu Apr 21 18:01:26 UTC 2022: 
 treemap.c | 2 +-
 1 file changed, 1 insertion(+), 1 deletion(-)
 tests:  11|6
total_score: 15/70
e7cf84d
Thu Apr 21 18:09:53 UTC 2022: 
 treemap.c | 126 ++++++++++++++++++++++++++++++++++++++++++++++++++++++++++++++
 1 file changed, 126 insertions(+)
In file included from test.c:4:0:
treemap.c: In function ‘insertTreeMap’:
treemap.c:58:33: error: ‘varaiableAux’ undeclared (first use in this function); did you mean ‘variableAux’?
   variableAux2 = createTreeNode(varaiableAux->key, variableAux->value);
                                 ^~~~~~~~~~~~
                                 variableAux
treemap.c:58:33: note: each undeclared identifier is reported only once for each function it appears in
treemap.c:59:10: error: ‘return’ with a value, in function returning void [-Werror]
   return variableAux2;
          ^~~~~~~~~~~~
treemap.c:52:6: note: declared here
 void insertTreeMap(TreeMap * tree, void* key, void * value)
      ^~~~~~~~~~~~~
treemap.c: In function ‘insertTreeMap’:
treemap.c:179:33: error: ‘varaiableAux’ undeclared (first use in this function); did you mean ‘variableAux’?
   variableAux2 = createTreeNode(varaiableAux->key, variableAux->value);
                                 ^~~~~~~~~~~~
                                 variableAux
treemap.c:180:10: error: ‘return’ with a value, in function returning void [-Werror]
   return variableAux2;
          ^~~~~~~~~~~~
treemap.c:173:6: note: declared here
 void insertTreeMap(TreeMap * tree, void* key, void * value)
      ^~~~~~~~~~~~~
test.c: In function ‘createTreeMap’:
test.c:503:5: error: ‘main’ is normally a non-static function [-Werror=main]
 int main( int argc, char *argv[] ) {
     ^~~~
test.c:606:1: error: expected declaration or statement at end of input
 }
 ^
test.c: In function ‘createTreeMap’:
test.c:606:1: error: expected declaration or statement at end of input
At top level:
test.c:503:5: error: ‘main’ defined but not used [-Werror=unused-function]
 int main( int argc, char *argv[] ) {
     ^~~~
In file included from test.c:4:0:
treemap.c:143:5: error: ‘is_equal’ defined but not used [-Werror=unused-function]
 int is_equal(TreeMap* tree, void* key1, void* key2){
     ^~~~~~~~
treemap.c:119:8: error: ‘nextTreeMap’ defined but not used [-Werror=unused-function]
 Pair * nextTreeMap(TreeMap * tree) {
        ^~~~~~~~~~~
treemap.c:115:8: error: ‘firstTreeMap’ defined but not used [-Werror=unused-function]
 Pair * firstTreeMap(TreeMap * tree) {
        ^~~~~~~~~~~~
treemap.c:111:8: error: ‘upperBound’ defined but not used [-Werror=unused-function]
 Pair * upperBound(TreeMap * tree, void* key) {
        ^~~~~~~~~~
treemap.c:74:6: error: ‘eraseTreeMap’ defined but not used [-Werror=unused-function]
 void eraseTreeMap(TreeMap * tree, void* key){
      ^~~~~~~~~~~~
treemap.c:64:12: error: ‘minimum’ defined but not used [-Werror=unused-function]
 TreeNode * minimum(TreeNode * x){
            ^~~~~~~
treemap.c:52:6: error: ‘insertTreeMap’ defined but not used [-Werror=unused-function]
 void insertTreeMap(TreeMap * tree, void* key, void * value)
      ^~~~~~~~~~~~~
cc1: all warnings being treated as errors
Compilation failed
9ca525c
Thu Apr 21 18:11:03 UTC 2022: 
 treemap.c | 1 -
 1 file changed, 1 deletion(-)
In file included from test.c:4:0:
treemap.c: In function ‘insertTreeMap’:
treemap.c:58:33: error: ‘varaiableAux’ undeclared (first use in this function); did you mean ‘variableAux’?
   variableAux2 = createTreeNode(varaiableAux->key, variableAux->value);
                                 ^~~~~~~~~~~~
                                 variableAux
treemap.c:58:33: note: each undeclared identifier is reported only once for each function it appears in
treemap.c:59:10: error: ‘return’ with a value, in function returning void [-Werror]
   return variableAux2;
          ^~~~~~~~~~~~
treemap.c:52:6: note: declared here
 void insertTreeMap(TreeMap * tree, void* key, void * value)
      ^~~~~~~~~~~~~
treemap.c: In function ‘insertTreeMap’:
treemap.c:179:33: error: ‘varaiableAux’ undeclared (first use in this function); did you mean ‘variableAux’?
   variableAux2 = createTreeNode(varaiableAux->key, variableAux->value);
                                 ^~~~~~~~~~~~
                                 variableAux
treemap.c:176:13: error: variable ‘variableAux2’ set but not used [-Werror=unused-but-set-variable]
   TreeNode* variableAux2;
             ^~~~~~~~~~~~
test.c: In function ‘createTreeMap’:
test.c:503:5: error: ‘main’ is normally a non-static function [-Werror=main]
 int main( int argc, char *argv[] ) {
     ^~~~
test.c:606:1: error: expected declaration or statement at end of input
 }
 ^
test.c: In function ‘createTreeMap’:
test.c:606:1: error: expected declaration or statement at end of input
At top level:
test.c:503:5: error: ‘main’ defined but not used [-Werror=unused-function]
 int main( int argc, char *argv[] ) {
     ^~~~
In file included from test.c:4:0:
treemap.c:143:5: error: ‘is_equal’ defined but not used [-Werror=unused-function]
 int is_equal(TreeMap* tree, void* key1, void* key2){
     ^~~~~~~~
treemap.c:119:8: error: ‘nextTreeMap’ defined but not used [-Werror=unused-function]
 Pair * nextTreeMap(TreeMap * tree) {
        ^~~~~~~~~~~
treemap.c:115:8: error: ‘firstTreeMap’ defined but not used [-Werror=unused-function]
 Pair * firstTreeMap(TreeMap * tree) {
        ^~~~~~~~~~~~
treemap.c:111:8: error: ‘upperBound’ defined but not used [-Werror=unused-function]
 Pair * upperBound(TreeMap * tree, void* key) {
        ^~~~~~~~~~
treemap.c:74:6: error: ‘eraseTreeMap’ defined but not used [-Werror=unused-function]
 void eraseTreeMap(TreeMap * tree, void* key){
      ^~~~~~~~~~~~
treemap.c:64:12: error: ‘minimum’ defined but not used [-Werror=unused-function]
 TreeNode * minimum(TreeNode * x){
            ^~~~~~~
treemap.c:52:6: error: ‘insertTreeMap’ defined but not used [-Werror=unused-function]
 void insertTreeMap(TreeMap * tree, void* key, void * value)
      ^~~~~~~~~~~~~
cc1: all warnings being treated as errors
Compilation failed
a75d200
Thu Apr 21 19:42:29 UTC 2022: 
 treemap.c | 3 ++-
 1 file changed, 2 insertions(+), 1 deletion(-)
In file included from test.c:4:0:
treemap.c: In function ‘insertTreeMap’:
treemap.c:58:33: error: ‘varaiableAux’ undeclared (first use in this function); did you mean ‘variableAux’?
   variableAux2 = createTreeNode(varaiableAux->key, variableAux->value);
                                 ^~~~~~~~~~~~
                                 variableAux
treemap.c:58:33: note: each undeclared identifier is reported only once for each function it appears in
treemap.c:59:10: error: ‘return’ with a value, in function returning void [-Werror]
   return variableAux2;
          ^~~~~~~~~~~~
treemap.c:52:6: note: declared here
 void insertTreeMap(TreeMap * tree, void* key, void * value)
      ^~~~~~~~~~~~~
treemap.c: In function ‘insertTreeMap’:
treemap.c:181:7: error: ‘TreeMap {aka struct TreeMap}’ has no member named ‘variableAux’
   tree->variableAux->current = variableAux2;
       ^~
treemap.c:175:9: error: variable ‘variableAux’ set but not used [-Werror=unused-but-set-variable]
   Pair* variableAux;
         ^~~~~~~~~~~
test.c: In function ‘createTreeMap’:
test.c:503:5: error: ‘main’ is normally a non-static function [-Werror=main]
 int main( int argc, char *argv[] ) {
     ^~~~
test.c:606:1: error: expected declaration or statement at end of input
 }
 ^
test.c: In function ‘createTreeMap’:
test.c:606:1: error: expected declaration or statement at end of input
At top level:
test.c:503:5: error: ‘main’ defined but not used [-Werror=unused-function]
 int main( int argc, char *argv[] ) {
     ^~~~
In file included from test.c:4:0:
treemap.c:143:5: error: ‘is_equal’ defined but not used [-Werror=unused-function]
 int is_equal(TreeMap* tree, void* key1, void* key2){
     ^~~~~~~~
treemap.c:119:8: error: ‘nextTreeMap’ defined but not used [-Werror=unused-function]
 Pair * nextTreeMap(TreeMap * tree) {
        ^~~~~~~~~~~
treemap.c:115:8: error: ‘firstTreeMap’ defined but not used [-Werror=unused-function]
 Pair * firstTreeMap(TreeMap * tree) {
        ^~~~~~~~~~~~
treemap.c:111:8: error: ‘upperBound’ defined but not used [-Werror=unused-function]
 Pair * upperBound(TreeMap * tree, void* key) {
        ^~~~~~~~~~
treemap.c:74:6: error: ‘eraseTreeMap’ defined but not used [-Werror=unused-function]
 void eraseTreeMap(TreeMap * tree, void* key){
      ^~~~~~~~~~~~
treemap.c:64:12: error: ‘minimum’ defined but not used [-Werror=unused-function]
 TreeNode * minimum(TreeNode * x){
            ^~~~~~~
treemap.c:52:6: error: ‘insertTreeMap’ defined but not used [-Werror=unused-function]
 void insertTreeMap(TreeMap * tree, void* key, void * value)
      ^~~~~~~~~~~~~
cc1: all warnings being treated as errors
Compilation failed
2584236
Thu Apr 21 19:42:45 UTC 2022: 
 treemap.c | 1 +
 1 file changed, 1 insertion(+)
In file included from test.c:4:0:
treemap.c: In function ‘insertTreeMap’:
treemap.c:58:33: error: ‘varaiableAux’ undeclared (first use in this function); did you mean ‘variableAux’?
   variableAux2 = createTreeNode(varaiableAux->key, variableAux->value);
                                 ^~~~~~~~~~~~
                                 variableAux
treemap.c:58:33: note: each undeclared identifier is reported only once for each function it appears in
treemap.c:59:10: error: ‘return’ with a value, in function returning void [-Werror]
   return variableAux2;
          ^~~~~~~~~~~~
treemap.c:52:6: note: declared here
 void insertTreeMap(TreeMap * tree, void* key, void * value)
      ^~~~~~~~~~~~~
treemap.c: In function ‘insertTreeMap’:
treemap.c:181:7: error: ‘TreeMap {aka struct TreeMap}’ has no member named ‘variableAux’
   tree->variableAux->current = variableAux2;
       ^~
treemap.c:182:10: error: ‘return’ with a value, in function returning void [-Werror]
   return tree;
          ^~~~
treemap.c:173:6: note: declared here
 void insertTreeMap(TreeMap * tree, void* key, void * value)
      ^~~~~~~~~~~~~
treemap.c:175:9: error: variable ‘variableAux’ set but not used [-Werror=unused-but-set-variable]
   Pair* variableAux;
         ^~~~~~~~~~~
test.c: In function ‘createTreeMap’:
test.c:503:5: error: ‘main’ is normally a non-static function [-Werror=main]
 int main( int argc, char *argv[] ) {
     ^~~~
test.c:606:1: error: expected declaration or statement at end of input
 }
 ^
test.c: In function ‘createTreeMap’:
test.c:606:1: error: expected declaration or statement at end of input
At top level:
test.c:503:5: error: ‘main’ defined but not used [-Werror=unused-function]
 int main( int argc, char *argv[] ) {
     ^~~~
In file included from test.c:4:0:
treemap.c:143:5: error: ‘is_equal’ defined but not used [-Werror=unused-function]
 int is_equal(TreeMap* tree, void* key1, void* key2){
     ^~~~~~~~
treemap.c:119:8: error: ‘nextTreeMap’ defined but not used [-Werror=unused-function]
 Pair * nextTreeMap(TreeMap * tree) {
        ^~~~~~~~~~~
treemap.c:115:8: error: ‘firstTreeMap’ defined but not used [-Werror=unused-function]
 Pair * firstTreeMap(TreeMap * tree) {
        ^~~~~~~~~~~~
treemap.c:111:8: error: ‘upperBound’ defined but not used [-Werror=unused-function]
 Pair * upperBound(TreeMap * tree, void* key) {
        ^~~~~~~~~~
treemap.c:74:6: error: ‘eraseTreeMap’ defined but not used [-Werror=unused-function]
 void eraseTreeMap(TreeMap * tree, void* key){
      ^~~~~~~~~~~~
treemap.c:64:12: error: ‘minimum’ defined but not used [-Werror=unused-function]
 TreeNode * minimum(TreeNode * x){
            ^~~~~~~
treemap.c:52:6: error: ‘insertTreeMap’ defined but not used [-Werror=unused-function]
 void insertTreeMap(TreeMap * tree, void* key, void * value)
      ^~~~~~~~~~~~~
cc1: all warnings being treated as errors
Compilation failed
6b17f7a
Thu Apr 21 19:43:41 UTC 2022: 
 treemap.c | 1 -
 1 file changed, 1 deletion(-)
In file included from test.c:4:0:
treemap.c: In function ‘insertTreeMap’:
treemap.c:58:33: error: ‘varaiableAux’ undeclared (first use in this function); did you mean ‘variableAux’?
   variableAux2 = createTreeNode(varaiableAux->key, variableAux->value);
                                 ^~~~~~~~~~~~
                                 variableAux
treemap.c:58:33: note: each undeclared identifier is reported only once for each function it appears in
treemap.c:59:10: error: ‘return’ with a value, in function returning void [-Werror]
   return variableAux2;
          ^~~~~~~~~~~~
treemap.c:52:6: note: declared here
 void insertTreeMap(TreeMap * tree, void* key, void * value)
      ^~~~~~~~~~~~~
treemap.c: In function ‘insertTreeMap’:
treemap.c:181:7: error: ‘TreeMap {aka struct TreeMap}’ has no member named ‘variableAux’
   tree->variableAux->current = variableAux2;
       ^~
treemap.c:175:9: error: variable ‘variableAux’ set but not used [-Werror=unused-but-set-variable]
   Pair* variableAux;
         ^~~~~~~~~~~
test.c: In function ‘createTreeMap’:
test.c:503:5: error: ‘main’ is normally a non-static function [-Werror=main]
 int main( int argc, char *argv[] ) {
     ^~~~
test.c:606:1: error: expected declaration or statement at end of input
 }
 ^
test.c: In function ‘createTreeMap’:
test.c:606:1: error: expected declaration or statement at end of input
At top level:
test.c:503:5: error: ‘main’ defined but not used [-Werror=unused-function]
 int main( int argc, char *argv[] ) {
     ^~~~
In file included from test.c:4:0:
treemap.c:143:5: error: ‘is_equal’ defined but not used [-Werror=unused-function]
 int is_equal(TreeMap* tree, void* key1, void* key2){
     ^~~~~~~~
treemap.c:119:8: error: ‘nextTreeMap’ defined but not used [-Werror=unused-function]
 Pair * nextTreeMap(TreeMap * tree) {
        ^~~~~~~~~~~
treemap.c:115:8: error: ‘firstTreeMap’ defined but not used [-Werror=unused-function]
 Pair * firstTreeMap(TreeMap * tree) {
        ^~~~~~~~~~~~
treemap.c:111:8: error: ‘upperBound’ defined but not used [-Werror=unused-function]
 Pair * upperBound(TreeMap * tree, void* key) {
        ^~~~~~~~~~
treemap.c:74:6: error: ‘eraseTreeMap’ defined but not used [-Werror=unused-function]
 void eraseTreeMap(TreeMap * tree, void* key){
      ^~~~~~~~~~~~
treemap.c:64:12: error: ‘minimum’ defined but not used [-Werror=unused-function]
 TreeNode * minimum(TreeNode * x){
            ^~~~~~~
treemap.c:52:6: error: ‘insertTreeMap’ defined but not used [-Werror=unused-function]
 void insertTreeMap(TreeMap * tree, void* key, void * value)
      ^~~~~~~~~~~~~
cc1: all warnings being treated as errors
Compilation failed
c59045d
Thu Apr 21 19:50:43 UTC 2022: 
 treemap.c | 5 ++---
 1 file changed, 2 insertions(+), 3 deletions(-)
In file included from test.c:4:0:
treemap.c: In function ‘insertTreeMap’:
treemap.c:60:7: error: ‘TreeMap {aka struct TreeMap}’ has no member named ‘variableAux’
   tree->variableAux->current = variableAux2;
       ^~
treemap.c:54:9: error: variable ‘variableAux’ set but not used [-Werror=unused-but-set-variable]
   Pair* variableAux;
         ^~~~~~~~~~~
treemap.c: In function ‘insertTreeMap’:
treemap.c:180:7: error: ‘TreeMap {aka struct TreeMap}’ has no member named ‘variableAux’
   tree->variableAux->current = variableAux2;
       ^~
treemap.c:174:9: error: variable ‘variableAux’ set but not used [-Werror=unused-but-set-variable]
   Pair* variableAux;
         ^~~~~~~~~~~
test.c: In function ‘createTreeMap’:
test.c:503:5: error: ‘main’ is normally a non-static function [-Werror=main]
 int main( int argc, char *argv[] ) {
     ^~~~
test.c:606:1: error: expected declaration or statement at end of input
 }
 ^
test.c: In function ‘createTreeMap’:
test.c:606:1: error: expected declaration or statement at end of input
At top level:
test.c:503:5: error: ‘main’ defined but not used [-Werror=unused-function]
 int main( int argc, char *argv[] ) {
     ^~~~
In file included from test.c:4:0:
treemap.c:142:5: error: ‘is_equal’ defined but not used [-Werror=unused-function]
 int is_equal(TreeMap* tree, void* key1, void* key2){
     ^~~~~~~~
treemap.c:118:8: error: ‘nextTreeMap’ defined but not used [-Werror=unused-function]
 Pair * nextTreeMap(TreeMap * tree) {
        ^~~~~~~~~~~
treemap.c:114:8: error: ‘firstTreeMap’ defined but not used [-Werror=unused-function]
 Pair * firstTreeMap(TreeMap * tree) {
        ^~~~~~~~~~~~
treemap.c:110:8: error: ‘upperBound’ defined but not used [-Werror=unused-function]
 Pair * upperBound(TreeMap * tree, void* key) {
        ^~~~~~~~~~
treemap.c:73:6: error: ‘eraseTreeMap’ defined but not used [-Werror=unused-function]
 void eraseTreeMap(TreeMap * tree, void* key){
      ^~~~~~~~~~~~
treemap.c:63:12: error: ‘minimum’ defined but not used [-Werror=unused-function]
 TreeNode * minimum(TreeNode * x){
            ^~~~~~~
treemap.c:52:6: error: ‘insertTreeMap’ defined but not used [-Werror=unused-function]
 void insertTreeMap(TreeMap * tree, void* key, void * value)
      ^~~~~~~~~~~~~
cc1: all warnings being treated as errors
Compilation failed
1dc85d9
Thu Apr 21 19:52:36 UTC 2022: 
 treemap.c | 120 --------------------------------------------------------------
 1 file changed, 120 deletions(-)
In file included from test.c:4:0:
treemap.c: In function ‘insertTreeMap’:
treemap.c:60:7: error: ‘TreeMap {aka struct TreeMap}’ has no member named ‘variableAux’
   tree->variableAux->current = variableAux2;
       ^~
treemap.c:54:9: error: variable ‘variableAux’ set but not used [-Werror=unused-but-set-variable]
   Pair* variableAux;
         ^~~~~~~~~~~
test.c: In function ‘createTreeMap’:
test.c:503:5: error: ‘main’ is normally a non-static function [-Werror=main]
 int main( int argc, char *argv[] ) {
     ^~~~
test.c:606:1: error: expected declaration or statement at end of input
 }
 ^
test.c:606:1: error: control reaches end of non-void function [-Werror=return-type]
 }
 ^
At top level:
test.c:503:5: error: ‘main’ defined but not used [-Werror=unused-function]
 int main( int argc, char *argv[] ) {
     ^~~~
cc1: all warnings being treated as errors
Compilation failed
e8c4ff0
Thu Apr 21 20:35:31 UTC 2022: 
 treemap.c | 28 +++++++++++++++++++++++++---
 1 file changed, 25 insertions(+), 3 deletions(-)
In file included from test.c:4:0:
treemap.c: In function ‘insertTreeMap’:
treemap.c:57:7: error: assignment from incompatible pointer type [-Werror=incompatible-pointer-types]
   aux = tree->root;
       ^
treemap.c:61:19: error: assignment from incompatible pointer type [-Werror=incompatible-pointer-types]
     tree->current = aux;
                   ^
treemap.c:62:33: error: ‘Pair {aka struct Pair}’ has no member named ‘pair’
     if(tree->lower_than(key, aux->pair->key) == 1)
                                 ^~
treemap.c:63:28: error: ‘Pair {aka struct Pair}’ has no member named ‘pair’
       if(is_equal(tree, aux->pair->key, key) == 1)
                            ^~
treemap.c:62:5: error: this ‘if’ clause does not guard... [-Werror=misleading-indentation]
     if(tree->lower_than(key, aux->pair->key) == 1)
     ^~
treemap.c:65:7: note: ...this statement, but the latter is misleadingly indented as if it were guarded by the ‘if’
       aux = aux->left;
       ^~~
treemap.c:65:16: error: ‘Pair {aka struct Pair}’ has no member named ‘left’
       aux = aux->left;
                ^~
treemap.c:66:5: error: ‘else’ without a previous ‘if’
     else
     ^~~~
treemap.c:68:30: error: ‘Pair {aka struct Pair}’ has no member named ‘pair’
       if(tree->lower_than(aux->pair->key, key) == 1)
                              ^~
treemap.c:69:30: error: ‘Pair {aka struct Pair}’ has no member named ‘pair’
         if(is_equal(tree, aux->pair->key, key) == 1)
                              ^~
treemap.c:68:7: error: this ‘if’ clause does not guard... [-Werror=misleading-indentation]
       if(tree->lower_than(aux->pair->key, key) == 1)
       ^~
treemap.c:71:9: note: ...this statement, but the latter is misleadingly indented as if it were guarded by the ‘if’
         aux = aux->right;
         ^~~
treemap.c:71:18: error: ‘Pair {aka struct Pair}’ has no member named ‘right’
         aux = aux->right;
                  ^~
treemap.c:72:7: error: ‘else’ without a previous ‘if’
       else
       ^~~~
treemap.c:73:23: error: assignment from incompatible pointer type [-Werror=incompatible-pointer-types]
         tree->current = aux;
                       ^
test.c: In function ‘createTreeMap’:
test.c:503:5: error: ‘main’ is normally a non-static function [-Werror=main]
 int main( int argc, char *argv[] ) {
     ^~~~
test.c:606:1: error: expected declaration or statement at end of input
 }
 ^
test.c:606:1: error: control reaches end of non-void function [-Werror=return-type]
 }
 ^
At top level:
test.c:503:5: error: ‘main’ defined but not used [-Werror=unused-function]
 int main( int argc, char *argv[] ) {
     ^~~~
cc1: all warnings being treated as errors
Compilation failed
5632812
Thu Apr 21 20:48:39 UTC 2022: 
 treemap.c | 6 ++++--
 1 file changed, 4 insertions(+), 2 deletions(-)
In file included from test.c:4:0:
treemap.c: In function ‘insertTreeMap’:
treemap.c:57:7: error: assignment from incompatible pointer type [-Werror=incompatible-pointer-types]
   aux = tree->root;
       ^
treemap.c:61:19: error: assignment from incompatible pointer type [-Werror=incompatible-pointer-types]
     tree->current = aux;
                   ^
treemap.c:62:33: error: ‘Pair {aka struct Pair}’ has no member named ‘pair’
     if(tree->lower_than(key, aux->pair->key) == 1)
                                 ^~
treemap.c:64:28: error: ‘Pair {aka struct Pair}’ has no member named ‘pair’
       if(is_equal(tree, aux->pair->key, key) == 1)
                            ^~
treemap.c:66:16: error: ‘Pair {aka struct Pair}’ has no member named ‘left’
       aux = aux->left;
                ^~
treemap.c:70:30: error: ‘Pair {aka struct Pair}’ has no member named ‘pair’
       if(tree->lower_than(aux->pair->key, key) == 1)
                              ^~
treemap.c:72:30: error: ‘Pair {aka struct Pair}’ has no member named ‘pair’
         if(is_equal(tree, aux->pair->key, key) == 1)
                              ^~
treemap.c:74:18: error: ‘Pair {aka struct Pair}’ has no member named ‘right’
         aux = aux->right;
                  ^~
test.c: In function ‘createTreeMap’:
test.c:503:5: error: ‘main’ is normally a non-static function [-Werror=main]
 int main( int argc, char *argv[] ) {
     ^~~~
test.c:606:1: error: expected declaration or statement at end of input
 }
 ^
test.c:606:1: error: control reaches end of non-void function [-Werror=return-type]
 }
 ^
At top level:
test.c:503:5: error: ‘main’ defined but not used [-Werror=unused-function]
 int main( int argc, char *argv[] ) {
     ^~~~
cc1: all warnings being treated as errors
Compilation failed
7eb0cd4
Thu Apr 21 21:07:17 UTC 2022: 
 treemap.c | 16 ++++++++++++++--
 1 file changed, 14 insertions(+), 2 deletions(-)
In file included from test.c:4:0:
treemap.c: In function ‘insertTreeMap’:
treemap.c:57:7: error: assignment from incompatible pointer type [-Werror=incompatible-pointer-types]
   aux = tree->root;
       ^
treemap.c:61:19: error: assignment from incompatible pointer type [-Werror=incompatible-pointer-types]
     tree->current = aux;
                   ^
treemap.c:62:33: error: ‘Pair {aka struct Pair}’ has no member named ‘pair’
     if(tree->lower_than(key, aux->pair->key) == 1)
                                 ^~
treemap.c:64:28: error: ‘Pair {aka struct Pair}’ has no member named ‘pair’
       if(is_equal(tree, aux->pair->key, key) == 1)
                            ^~
treemap.c:66:16: error: ‘Pair {aka struct Pair}’ has no member named ‘left’
       aux = aux->left;
                ^~
treemap.c:70:30: error: ‘Pair {aka struct Pair}’ has no member named ‘pair’
       if(tree->lower_than(aux->pair->key, key) == 1)
                              ^~
treemap.c:72:30: error: ‘Pair {aka struct Pair}’ has no member named ‘pair’
         if(is_equal(tree, aux->pair->key, key) == 1)
                              ^~
treemap.c:74:18: error: ‘Pair {aka struct Pair}’ has no member named ‘right’
         aux = aux->right;
                  ^~
treemap.c: In function ‘minimum’:
treemap.c:91:10: error: ‘TreeNode {aka struct TreeNode}’ has no member named ‘root’
   aux = x->root;
          ^~
treemap.c:97:9: error: ‘TreeNode {aka struct TreeNode}’ has no member named ‘lower_than’
     if(x->lower_than(aux->pair->key, key)
         ^~
treemap.c:97:38: error: ‘key’ undeclared (first use in this function); did you mean ‘key_t’?
     if(x->lower_than(aux->pair->key, key)
                                      ^~~
                                      key_t
treemap.c:97:38: note: each undeclared identifier is reported only once for each function it appears in
treemap.c:98:5: error: expected ‘)’ before ‘{’ token
     {
     ^
treemap.c:101:3: error: expected expression before ‘}’ token
   }
   ^
test.c: In function ‘createTreeMap’:
test.c:503:5: error: ‘main’ is normally a non-static function [-Werror=main]
 int main( int argc, char *argv[] ) {
     ^~~~
test.c:606:1: error: expected declaration or statement at end of input
 }
 ^
test.c:606:1: error: control reaches end of non-void function [-Werror=return-type]
 }
 ^
At top level:
test.c:503:5: error: ‘main’ defined but not used [-Werror=unused-function]
 int main( int argc, char *argv[] ) {
     ^~~~
cc1: all warnings being treated as errors
Compilation failed
1c265c0
Thu Apr 21 21:08:34 UTC 2022: 
 treemap.c | 2 +-
 1 file changed, 1 insertion(+), 1 deletion(-)
In file included from test.c:4:0:
treemap.c: In function ‘insertTreeMap’:
treemap.c:57:7: error: assignment from incompatible pointer type [-Werror=incompatible-pointer-types]
   aux = tree->root;
       ^
treemap.c:61:19: error: assignment from incompatible pointer type [-Werror=incompatible-pointer-types]
     tree->current = aux;
                   ^
treemap.c:62:33: error: ‘Pair {aka struct Pair}’ has no member named ‘pair’
     if(tree->lower_than(key, aux->pair->key) == 1)
                                 ^~
treemap.c:64:28: error: ‘Pair {aka struct Pair}’ has no member named ‘pair’
       if(is_equal(tree, aux->pair->key, key) == 1)
                            ^~
treemap.c:66:16: error: ‘Pair {aka struct Pair}’ has no member named ‘left’
       aux = aux->left;
                ^~
treemap.c:70:30: error: ‘Pair {aka struct Pair}’ has no member named ‘pair’
       if(tree->lower_than(aux->pair->key, key) == 1)
                              ^~
treemap.c:72:30: error: ‘Pair {aka struct Pair}’ has no member named ‘pair’
         if(is_equal(tree, aux->pair->key, key) == 1)
                              ^~
treemap.c:74:18: error: ‘Pair {aka struct Pair}’ has no member named ‘right’
         aux = aux->right;
                  ^~
treemap.c: In function ‘minimum’:
treemap.c:91:10: error: ‘TreeNode {aka struct TreeNode}’ has no member named ‘root’
   aux = x->root;
          ^~
treemap.c:97:9: error: ‘TreeNode {aka struct TreeNode}’ has no member named ‘lower_than’
     if(x->lower_than(aux->pair->key, key)
         ^~
treemap.c:97:38: error: ‘key’ undeclared (first use in this function); did you mean ‘key_t’?
     if(x->lower_than(aux->pair->key, key)
                                      ^~~
                                      key_t
treemap.c:97:38: note: each undeclared identifier is reported only once for each function it appears in
treemap.c:98:5: error: expected ‘)’ before ‘{’ token
     {
     ^
treemap.c:101:3: error: expected expression before ‘}’ token
   }
   ^
test.c: In function ‘createTreeMap’:
test.c:503:5: error: ‘main’ is normally a non-static function [-Werror=main]
 int main( int argc, char *argv[] ) {
     ^~~~
test.c:606:1: error: expected declaration or statement at end of input
 }
 ^
test.c:606:1: error: control reaches end of non-void function [-Werror=return-type]
 }
 ^
At top level:
test.c:503:5: error: ‘main’ defined but not used [-Werror=unused-function]
 int main( int argc, char *argv[] ) {
     ^~~~
cc1: all warnings being treated as errors
Compilation failed
faece8c
Thu Apr 21 21:13:28 UTC 2022: 
 treemap.c | 2 +-
 1 file changed, 1 insertion(+), 1 deletion(-)
In file included from test.c:4:0:
treemap.c: In function ‘insertTreeMap’:
treemap.c:57:7: error: assignment from incompatible pointer type [-Werror=incompatible-pointer-types]
   aux = tree->root;
       ^
treemap.c:61:19: error: assignment from incompatible pointer type [-Werror=incompatible-pointer-types]
     tree->current = aux;
                   ^
treemap.c:62:33: error: ‘Pair {aka struct Pair}’ has no member named ‘pair’
     if(tree->lower_than(key, aux->pair->key) == 1)
                                 ^~
treemap.c:64:28: error: ‘Pair {aka struct Pair}’ has no member named ‘pair’
       if(is_equal(tree, aux->pair->key, key) == 1)
                            ^~
treemap.c:66:16: error: ‘Pair {aka struct Pair}’ has no member named ‘left’
       aux = aux->left;
                ^~
treemap.c:70:30: error: ‘Pair {aka struct Pair}’ has no member named ‘pair’
       if(tree->lower_than(aux->pair->key, key) == 1)
                              ^~
treemap.c:72:30: error: ‘Pair {aka struct Pair}’ has no member named ‘pair’
         if(is_equal(tree, aux->pair->key, key) == 1)
                              ^~
treemap.c:74:18: error: ‘Pair {aka struct Pair}’ has no member named ‘right’
         aux = aux->right;
                  ^~
treemap.c: In function ‘minimum’:
treemap.c:91:10: error: ‘TreeNode {aka struct TreeNode}’ has no member named ‘root’
   aux = x->root;
          ^~
treemap.c:97:9: error: ‘TreeNode {aka struct TreeNode}’ has no member named ‘lower_than’
     if(x->lower_than(aux->pair->key, key)
         ^~
treemap.c:97:38: error: ‘key’ undeclared (first use in this function); did you mean ‘key_t’?
     if(x->lower_than(aux->pair->key, key)
                                      ^~~
                                      key_t
treemap.c:97:38: note: each undeclared identifier is reported only once for each function it appears in
treemap.c:98:5: error: expected ‘)’ before ‘{’ token
     {
     ^
treemap.c:101:3: error: expected expression before ‘}’ token
   }
   ^
test.c: In function ‘createTreeMap’:
test.c:503:5: error: ‘main’ is normally a non-static function [-Werror=main]
 int main( int argc, char *argv[] ) {
     ^~~~
test.c:606:1: error: expected declaration or statement at end of input
 }
 ^
test.c:606:1: error: control reaches end of non-void function [-Werror=return-type]
 }
 ^
At top level:
test.c:503:5: error: ‘main’ defined but not used [-Werror=unused-function]
 int main( int argc, char *argv[] ) {
     ^~~~
cc1: all warnings being treated as errors
Compilation failed
496d848
Thu Apr 21 21:16:26 UTC 2022: 
 treemap.c | 2 +-
 1 file changed, 1 insertion(+), 1 deletion(-)
In file included from test.c:4:0:
treemap.c: In function ‘insertTreeMap’:
treemap.c:57:7: error: assignment from incompatible pointer type [-Werror=incompatible-pointer-types]
   aux = tree->root;
       ^
treemap.c:61:19: error: assignment from incompatible pointer type [-Werror=incompatible-pointer-types]
     tree->current = aux;
                   ^
treemap.c:62:33: error: ‘Pair {aka struct Pair}’ has no member named ‘pair’
     if(tree->lower_than(key, aux->pair->key) == 1)
                                 ^~
treemap.c:64:28: error: ‘Pair {aka struct Pair}’ has no member named ‘pair’
       if(is_equal(tree, aux->pair->key, key) == 1)
                            ^~
treemap.c:66:16: error: ‘Pair {aka struct Pair}’ has no member named ‘left’
       aux = aux->left;
                ^~
treemap.c:70:30: error: ‘Pair {aka struct Pair}’ has no member named ‘pair’
       if(tree->lower_than(aux->pair->key, key) == 1)
                              ^~
treemap.c:72:30: error: ‘Pair {aka struct Pair}’ has no member named ‘pair’
         if(is_equal(tree, aux->pair->key, key) == 1)
                              ^~
treemap.c:74:18: error: ‘Pair {aka struct Pair}’ has no member named ‘right’
         aux = aux->right;
                  ^~
treemap.c: In function ‘minimum’:
treemap.c:91:10: error: ‘TreeNode {aka struct TreeNode}’ has no member named ‘root’
   aux = x->root;
          ^~
treemap.c:97:9: error: ‘TreeNode {aka struct TreeNode}’ has no member named ‘lower_than’
     if(x->lower_than(aux->pair->key, key)
         ^~
treemap.c:97:38: error: ‘key’ undeclared (first use in this function); did you mean ‘key_t’?
     if(x->lower_than(aux->pair->key, key)
                                      ^~~
                                      key_t
treemap.c:97:38: note: each undeclared identifier is reported only once for each function it appears in
treemap.c:98:5: error: expected ‘)’ before ‘{’ token
     {
     ^
treemap.c:101:3: error: expected expression before ‘}’ token
   }
   ^
test.c: In function ‘createTreeMap’:
test.c:503:5: error: ‘main’ is normally a non-static function [-Werror=main]
 int main( int argc, char *argv[] ) {
     ^~~~
test.c:606:1: error: expected declaration or statement at end of input
 }
 ^
test.c:606:1: error: control reaches end of non-void function [-Werror=return-type]
 }
 ^
At top level:
test.c:503:5: error: ‘main’ defined but not used [-Werror=unused-function]
 int main( int argc, char *argv[] ) {
     ^~~~
cc1: all warnings being treated as errors
Compilation failed
e4c91d6
Thu Apr 21 21:23:00 UTC 2022: 
In file included from test.c:4:0:
treemap.c: In function ‘insertTreeMap’:
treemap.c:57:7: error: assignment from incompatible pointer type [-Werror=incompatible-pointer-types]
   aux = tree->root;
       ^
treemap.c:61:19: error: assignment from incompatible pointer type [-Werror=incompatible-pointer-types]
     tree->current = aux;
                   ^
treemap.c:62:33: error: ‘Pair {aka struct Pair}’ has no member named ‘pair’
     if(tree->lower_than(key, aux->pair->key) == 1)
                                 ^~
treemap.c:64:28: error: ‘Pair {aka struct Pair}’ has no member named ‘pair’
       if(is_equal(tree, aux->pair->key, key) == 1)
                            ^~
treemap.c:66:16: error: ‘Pair {aka struct Pair}’ has no member named ‘left’
       aux = aux->left;
                ^~
treemap.c:70:30: error: ‘Pair {aka struct Pair}’ has no member named ‘pair’
       if(tree->lower_than(aux->pair->key, key) == 1)
                              ^~
treemap.c:72:30: error: ‘Pair {aka struct Pair}’ has no member named ‘pair’
         if(is_equal(tree, aux->pair->key, key) == 1)
                              ^~
treemap.c:74:18: error: ‘Pair {aka struct Pair}’ has no member named ‘right’
         aux = aux->right;
                  ^~
treemap.c: In function ‘minimum’:
treemap.c:91:10: error: ‘TreeNode {aka struct TreeNode}’ has no member named ‘root’
   aux = x->root;
          ^~
treemap.c:97:9: error: ‘TreeNode {aka struct TreeNode}’ has no member named ‘lower_than’
     if(x->lower_than(aux->pair->key, key)
         ^~
treemap.c:97:38: error: ‘key’ undeclared (first use in this function); did you mean ‘key_t’?
     if(x->lower_than(aux->pair->key, key)
                                      ^~~
                                      key_t
treemap.c:97:38: note: each undeclared identifier is reported only once for each function it appears in
treemap.c:98:5: error: expected ‘)’ before ‘{’ token
     {
     ^
treemap.c:101:3: error: expected expression before ‘}’ token
   }
   ^
test.c: In function ‘createTreeMap’:
test.c:503:5: error: ‘main’ is normally a non-static function [-Werror=main]
 int main( int argc, char *argv[] ) {
     ^~~~
test.c:606:1: error: expected declaration or statement at end of input
 }
 ^
test.c:606:1: error: control reaches end of non-void function [-Werror=return-type]
 }
 ^
At top level:
test.c:503:5: error: ‘main’ defined but not used [-Werror=unused-function]
 int main( int argc, char *argv[] ) {
     ^~~~
cc1: all warnings being treated as errors
Compilation failed
acb32ff
Thu Apr 21 21:23:12 UTC 2022: 
In file included from test.c:4:0:
treemap.c: In function ‘insertTreeMap’:
treemap.c:57:7: error: assignment from incompatible pointer type [-Werror=incompatible-pointer-types]
   aux = tree->root;
       ^
treemap.c:61:19: error: assignment from incompatible pointer type [-Werror=incompatible-pointer-types]
     tree->current = aux;
                   ^
treemap.c:62:33: error: ‘Pair {aka struct Pair}’ has no member named ‘pair’
     if(tree->lower_than(key, aux->pair->key) == 1)
                                 ^~
treemap.c:64:28: error: ‘Pair {aka struct Pair}’ has no member named ‘pair’
       if(is_equal(tree, aux->pair->key, key) == 1)
                            ^~
treemap.c:66:16: error: ‘Pair {aka struct Pair}’ has no member named ‘left’
       aux = aux->left;
                ^~
treemap.c:70:30: error: ‘Pair {aka struct Pair}’ has no member named ‘pair’
       if(tree->lower_than(aux->pair->key, key) == 1)
                              ^~
treemap.c:72:30: error: ‘Pair {aka struct Pair}’ has no member named ‘pair’
         if(is_equal(tree, aux->pair->key, key) == 1)
                              ^~
treemap.c:74:18: error: ‘Pair {aka struct Pair}’ has no member named ‘right’
         aux = aux->right;
                  ^~
treemap.c: In function ‘minimum’:
treemap.c:91:10: error: ‘TreeNode {aka struct TreeNode}’ has no member named ‘root’
   aux = x->root;
          ^~
treemap.c:97:9: error: ‘TreeNode {aka struct TreeNode}’ has no member named ‘lower_than’
     if(x->lower_than(aux->pair->key, key)
         ^~
treemap.c:97:38: error: ‘key’ undeclared (first use in this function); did you mean ‘key_t’?
     if(x->lower_than(aux->pair->key, key)
                                      ^~~
                                      key_t
treemap.c:97:38: note: each undeclared identifier is reported only once for each function it appears in
treemap.c:98:5: error: expected ‘)’ before ‘{’ token
     {
     ^
treemap.c:101:3: error: expected expression before ‘}’ token
   }
   ^
test.c: In function ‘createTreeMap’:
test.c:503:5: error: ‘main’ is normally a non-static function [-Werror=main]
 int main( int argc, char *argv[] ) {
     ^~~~
test.c:606:1: error: expected declaration or statement at end of input
 }
 ^
test.c:606:1: error: control reaches end of non-void function [-Werror=return-type]
 }
 ^
At top level:
test.c:503:5: error: ‘main’ defined but not used [-Werror=unused-function]
 int main( int argc, char *argv[] ) {
     ^~~~
cc1: all warnings being treated as errors
Compilation failed
1dcddad
Thu Apr 21 21:23:27 UTC 2022: 
In file included from test.c:4:0:
treemap.c: In function ‘insertTreeMap’:
treemap.c:57:7: error: assignment from incompatible pointer type [-Werror=incompatible-pointer-types]
   aux = tree->root;
       ^
treemap.c:61:19: error: assignment from incompatible pointer type [-Werror=incompatible-pointer-types]
     tree->current = aux;
                   ^
treemap.c:62:33: error: ‘Pair {aka struct Pair}’ has no member named ‘pair’
     if(tree->lower_than(key, aux->pair->key) == 1)
                                 ^~
treemap.c:64:28: error: ‘Pair {aka struct Pair}’ has no member named ‘pair’
       if(is_equal(tree, aux->pair->key, key) == 1)
                            ^~
treemap.c:66:16: error: ‘Pair {aka struct Pair}’ has no member named ‘left’
       aux = aux->left;
                ^~
treemap.c:70:30: error: ‘Pair {aka struct Pair}’ has no member named ‘pair’
       if(tree->lower_than(aux->pair->key, key) == 1)
                              ^~
treemap.c:72:30: error: ‘Pair {aka struct Pair}’ has no member named ‘pair’
         if(is_equal(tree, aux->pair->key, key) == 1)
                              ^~
treemap.c:74:18: error: ‘Pair {aka struct Pair}’ has no member named ‘right’
         aux = aux->right;
                  ^~
treemap.c: In function ‘minimum’:
treemap.c:91:10: error: ‘TreeNode {aka struct TreeNode}’ has no member named ‘root’
   aux = x->root;
          ^~
treemap.c:97:9: error: ‘TreeNode {aka struct TreeNode}’ has no member named ‘lower_than’
     if(x->lower_than(aux->pair->key, key)
         ^~
treemap.c:97:38: error: ‘key’ undeclared (first use in this function); did you mean ‘key_t’?
     if(x->lower_than(aux->pair->key, key)
                                      ^~~
                                      key_t
treemap.c:97:38: note: each undeclared identifier is reported only once for each function it appears in
treemap.c:98:5: error: expected ‘)’ before ‘{’ token
     {
     ^
treemap.c:101:3: error: expected expression before ‘}’ token
   }
   ^
test.c: In function ‘createTreeMap’:
test.c:503:5: error: ‘main’ is normally a non-static function [-Werror=main]
 int main( int argc, char *argv[] ) {
     ^~~~
test.c:606:1: error: expected declaration or statement at end of input
 }
 ^
test.c:606:1: error: control reaches end of non-void function [-Werror=return-type]
 }
 ^
At top level:
test.c:503:5: error: ‘main’ defined but not used [-Werror=unused-function]
 int main( int argc, char *argv[] ) {
     ^~~~
cc1: all warnings being treated as errors
Compilation failed
392a939
Thu Apr 21 21:28:53 UTC 2022: 
In file included from test.c:4:0:
treemap.c: In function ‘insertTreeMap’:
treemap.c:57:7: error: assignment from incompatible pointer type [-Werror=incompatible-pointer-types]
   aux = tree->root;
       ^
treemap.c:61:19: error: assignment from incompatible pointer type [-Werror=incompatible-pointer-types]
     tree->current = aux;
                   ^
treemap.c:62:33: error: ‘Pair {aka struct Pair}’ has no member named ‘pair’
     if(tree->lower_than(key, aux->pair->key) == 1)
                                 ^~
treemap.c:64:28: error: ‘Pair {aka struct Pair}’ has no member named ‘pair’
       if(is_equal(tree, aux->pair->key, key) == 1)
                            ^~
treemap.c:66:16: error: ‘Pair {aka struct Pair}’ has no member named ‘left’
       aux = aux->left;
                ^~
treemap.c:70:30: error: ‘Pair {aka struct Pair}’ has no member named ‘pair’
       if(tree->lower_than(aux->pair->key, key) == 1)
                              ^~
treemap.c:72:30: error: ‘Pair {aka struct Pair}’ has no member named ‘pair’
         if(is_equal(tree, aux->pair->key, key) == 1)
                              ^~
treemap.c:74:18: error: ‘Pair {aka struct Pair}’ has no member named ‘right’
         aux = aux->right;
                  ^~
treemap.c: In function ‘minimum’:
treemap.c:91:10: error: ‘TreeNode {aka struct TreeNode}’ has no member named ‘root’
   aux = x->root;
          ^~
treemap.c:97:9: error: ‘TreeNode {aka struct TreeNode}’ has no member named ‘lower_than’
     if(x->lower_than(aux->pair->key, key)
         ^~
treemap.c:97:38: error: ‘key’ undeclared (first use in this function); did you mean ‘key_t’?
     if(x->lower_than(aux->pair->key, key)
                                      ^~~
                                      key_t
treemap.c:97:38: note: each undeclared identifier is reported only once for each function it appears in
treemap.c:98:5: error: expected ‘)’ before ‘{’ token
     {
     ^
treemap.c:101:3: error: expected expression before ‘}’ token
   }
   ^
test.c: In function ‘createTreeMap’:
test.c:503:5: error: ‘main’ is normally a non-static function [-Werror=main]
 int main( int argc, char *argv[] ) {
     ^~~~
test.c:606:1: error: expected declaration or statement at end of input
 }
 ^
test.c:606:1: error: control reaches end of non-void function [-Werror=return-type]
 }
 ^
At top level:
test.c:503:5: error: ‘main’ defined but not used [-Werror=unused-function]
 int main( int argc, char *argv[] ) {
     ^~~~
cc1: all warnings being treated as errors
Compilation failed
9d55004
Thu Apr 21 22:08:59 UTC 2022: 
 treemap.c | 12 +++++-------
 1 file changed, 5 insertions(+), 7 deletions(-)
test.c: In function ‘createTreeMap’:
test.c:503:5: error: ‘main’ is normally a non-static function [-Werror=main]
 int main( int argc, char *argv[] ) {
     ^~~~
test.c:606:1: error: expected declaration or statement at end of input
 }
 ^
test.c:606:1: error: control reaches end of non-void function [-Werror=return-type]
 }
 ^
At top level:
test.c:503:5: error: ‘main’ defined but not used [-Werror=unused-function]
 int main( int argc, char *argv[] ) {
     ^~~~
cc1: all warnings being treated as errors
Compilation failed
2a9cd99
Thu Apr 21 22:09:20 UTC 2022: 
test.c: In function ‘createTreeMap’:
test.c:503:5: error: ‘main’ is normally a non-static function [-Werror=main]
 int main( int argc, char *argv[] ) {
     ^~~~
test.c:606:1: error: expected declaration or statement at end of input
 }
 ^
test.c:606:1: error: control reaches end of non-void function [-Werror=return-type]
 }
 ^
At top level:
test.c:503:5: error: ‘main’ defined but not used [-Werror=unused-function]
 int main( int argc, char *argv[] ) {
     ^~~~
cc1: all warnings being treated as errors
Compilation failed
edda297
Thu Apr 21 22:09:31 UTC 2022: 
test.c: In function ‘createTreeMap’:
test.c:503:5: error: ‘main’ is normally a non-static function [-Werror=main]
 int main( int argc, char *argv[] ) {
     ^~~~
test.c:606:1: error: expected declaration or statement at end of input
 }
 ^
test.c:606:1: error: control reaches end of non-void function [-Werror=return-type]
 }
 ^
At top level:
test.c:503:5: error: ‘main’ defined but not used [-Werror=unused-function]
 int main( int argc, char *argv[] ) {
     ^~~~
cc1: all warnings being treated as errors
Compilation failed
294ee17
Thu Apr 21 22:54:16 UTC 2022: 
test.c: In function ‘createTreeMap’:
test.c:503:5: error: ‘main’ is normally a non-static function [-Werror=main]
 int main( int argc, char *argv[] ) {
     ^~~~
test.c:606:1: error: expected declaration or statement at end of input
 }
 ^
test.c:606:1: error: control reaches end of non-void function [-Werror=return-type]
 }
 ^
At top level:
test.c:503:5: error: ‘main’ defined but not used [-Werror=unused-function]
 int main( int argc, char *argv[] ) {
     ^~~~
cc1: all warnings being treated as errors
Compilation failed
4f8689b
Thu Apr 21 23:11:54 UTC 2022: 
test.c: In function ‘createTreeMap’:
test.c:503:5: error: ‘main’ is normally a non-static function [-Werror=main]
 int main( int argc, char *argv[] ) {
     ^~~~
test.c:606:1: error: expected declaration or statement at end of input
 }
 ^
test.c:606:1: error: control reaches end of non-void function [-Werror=return-type]
 }
 ^
At top level:
test.c:503:5: error: ‘main’ defined but not used [-Werror=unused-function]
 int main( int argc, char *argv[] ) {
     ^~~~
cc1: all warnings being treated as errors
Compilation failed
b06b219
Thu Apr 21 23:12:39 UTC 2022: 
test.c: In function ‘createTreeMap’:
test.c:503:5: error: ‘main’ is normally a non-static function [-Werror=main]
 int main( int argc, char *argv[] ) {
     ^~~~
test.c:606:1: error: expected declaration or statement at end of input
 }
 ^
test.c:606:1: error: control reaches end of non-void function [-Werror=return-type]
 }
 ^
At top level:
test.c:503:5: error: ‘main’ defined but not used [-Werror=unused-function]
 int main( int argc, char *argv[] ) {
     ^~~~
cc1: all warnings being treated as errors
Compilation failed
04405fc
Thu Apr 21 23:16:59 UTC 2022: 
test.c: In function ‘createTreeMap’:
test.c:503:5: error: ‘main’ is normally a non-static function [-Werror=main]
 int main( int argc, char *argv[] ) {
     ^~~~
test.c:606:1: error: expected declaration or statement at end of input
 }
 ^
test.c:606:1: error: control reaches end of non-void function [-Werror=return-type]
 }
 ^
At top level:
test.c:503:5: error: ‘main’ defined but not used [-Werror=unused-function]
 int main( int argc, char *argv[] ) {
     ^~~~
cc1: all warnings being treated as errors
Compilation failed
b3cca9e
Thu Apr 21 23:20:09 UTC 2022: 
test.c: In function ‘createTreeMap’:
test.c:503:5: error: ‘main’ is normally a non-static function [-Werror=main]
 int main( int argc, char *argv[] ) {
     ^~~~
test.c:606:1: error: expected declaration or statement at end of input
 }
 ^
test.c:606:1: error: control reaches end of non-void function [-Werror=return-type]
 }
 ^
At top level:
test.c:503:5: error: ‘main’ defined but not used [-Werror=unused-function]
 int main( int argc, char *argv[] ) {
     ^~~~
cc1: all warnings being treated as errors
Compilation failed
652ed2d
Thu Apr 21 23:25:12 UTC 2022: 
test.c: In function ‘createTreeMap’:
test.c:503:5: error: ‘main’ is normally a non-static function [-Werror=main]
 int main( int argc, char *argv[] ) {
     ^~~~
test.c:606:1: error: expected declaration or statement at end of input
 }
 ^
test.c:606:1: error: control reaches end of non-void function [-Werror=return-type]
 }
 ^
At top level:
test.c:503:5: error: ‘main’ defined but not used [-Werror=unused-function]
 int main( int argc, char *argv[] ) {
     ^~~~
cc1: all warnings being treated as errors
Compilation failed
bb62ae8
Thu Apr 21 23:32:54 UTC 2022: 
 treemap.c | 5 +++--
 1 file changed, 3 insertions(+), 2 deletions(-)
In file included from test.c:4:0:
treemap.c:22:1: error: expected ‘;’, identifier or ‘(’ before ‘int’
 int is_equal(TreeMap* tree, void* key1, void* key2){
 ^~~
test.c: In function ‘createTreeMap’:
test.c:503:5: error: ‘main’ is normally a non-static function [-Werror=main]
 int main( int argc, char *argv[] ) {
     ^~~~
test.c:606:1: error: expected declaration or statement at end of input
 }
 ^
test.c:606:1: error: control reaches end of non-void function [-Werror=return-type]
 }
 ^
At top level:
test.c:503:5: error: ‘main’ defined but not used [-Werror=unused-function]
 int main( int argc, char *argv[] ) {
     ^~~~
cc1: all warnings being treated as errors
Compilation failed
d558777
Thu Apr 21 23:38:41 UTC 2022: 
 treemap.c | 4 ++--
 1 file changed, 2 insertions(+), 2 deletions(-)
 tests:  0|0
1784d92
Thu Apr 21 23:46:35 UTC 2022: 
 treemap.c | 2 +-
 1 file changed, 1 insertion(+), 1 deletion(-)
 tests:  11|6
total_score: 15/70
4478d57
Fri Apr 22 01:55:23 UTC 2022: 
 treemap.c | 3 +--
 1 file changed, 1 insertion(+), 2 deletions(-)
 tests:  11|6
total_score: 15/70
bc5ba4c
Fri Apr 22 01:56:37 UTC 2022: 
 treemap.c | 1 -
 1 file changed, 1 deletion(-)
 tests:  11|6
total_score: 15/70
e2e43fe
Fri Apr 22 02:01:50 UTC 2022: 
 treemap.c | 2 +-
 1 file changed, 1 insertion(+), 1 deletion(-)
In file included from test.c:4:0:
treemap.c: In function ‘minimum’:
treemap.c:92:3: error: expected ‘;’ before ‘if’
   if(x->left == NULL)
   ^~
Compilation failed
84ec80d
Fri Apr 22 02:02:03 UTC 2022: 
 treemap.c | 2 +-
 1 file changed, 1 insertion(+), 1 deletion(-)
 tests:  11|6
total_score: 15/70
8f20588
Fri Apr 22 02:02:59 UTC 2022: 
 treemap.c | 2 +-
 1 file changed, 1 insertion(+), 1 deletion(-)
 tests:  11|6
total_score: 15/70
63c5961
Fri Apr 22 02:04:43 UTC 2022: 
 treemap.c | 2 +-
 1 file changed, 1 insertion(+), 1 deletion(-)
 tests:  13|5
total_score: 15/70
9a64fab
Fri Apr 22 02:06:59 UTC 2022: 
 treemap.c | 2 +-
 1 file changed, 1 insertion(+), 1 deletion(-)
 tests:  11|6
total_score: 15/70
90758d6
Fri Apr 22 02:07:23 UTC 2022: 
 treemap.c | 2 +-
 1 file changed, 1 insertion(+), 1 deletion(-)
 tests:  13|5
total_score: 15/70
300399b
Fri Apr 22 02:11:46 UTC 2022: 
 treemap.c | 2 +-
 1 file changed, 1 insertion(+), 1 deletion(-)
In file included from test.c:4:0:
treemap.c: In function ‘minimum’:
treemap.c:99:13: error: ‘TreeNode {aka struct TreeNode}’ has no member named ‘key’
   return aux->key;
             ^~
treemap.c:101:1: error: control reaches end of non-void function [-Werror=return-type]
 }
 ^
cc1: all warnings being treated as errors
Compilation failed
9d22045
Fri Apr 22 02:12:56 UTC 2022: 
 treemap.c | 2 +-
 1 file changed, 1 insertion(+), 1 deletion(-)
 tests:  11|6
total_score: 15/70
3f2a21e
Fri Apr 22 02:13:19 UTC 2022: 
 treemap.c | 2 +-
 1 file changed, 1 insertion(+), 1 deletion(-)
 tests:  13|5
total_score: 15/70
bc596e8
Fri Apr 22 02:13:44 UTC 2022: 
 treemap.c | 2 +-
 1 file changed, 1 insertion(+), 1 deletion(-)
 tests:  11|6
total_score: 15/70
d0272f1
Fri Apr 22 02:13:57 UTC 2022: 
 treemap.c | 2 +-
 1 file changed, 1 insertion(+), 1 deletion(-)
 tests:  13|5
total_score: 15/70
eba8939
Fri Apr 22 02:25:43 UTC 2022: 
 treemap.c | 18 ++++++++++++++----
 1 file changed, 14 insertions(+), 4 deletions(-)
In file included from test.c:4:0:
treemap.c: In function ‘firstTreeMap’:
treemap.c:153:12: error: return from incompatible pointer type [-Werror=incompatible-pointer-types]
     return aux;
            ^~~
treemap.c:155:13: error: return from incompatible pointer type [-Werror=incompatible-pointer-types]
   return aux->left;
          ~~~^~~~~~
cc1: all warnings being treated as errors
Compilation failed
d736425
Fri Apr 22 02:26:28 UTC 2022: 
 treemap.c | 5 ++---
 1 file changed, 2 insertions(+), 3 deletions(-)
In file included from test.c:4:0:
treemap.c: In function ‘firstTreeMap’:
treemap.c:154:3: error: expected ‘;’ before ‘return’
   return aux->pair;
   ^~~~~~
treemap.c:155:1: error: control reaches end of non-void function [-Werror=return-type]
 }
 ^
cc1: all warnings being treated as errors
Compilation failed
da28d19
Fri Apr 22 02:26:37 UTC 2022: 
 treemap.c | 2 +-
 1 file changed, 1 insertion(+), 1 deletion(-)
 tests:  14|5
total_score: 15/70
7187d24
Fri Apr 22 02:29:08 UTC 2022: 
 treemap.c | 7 ++++++-
 1 file changed, 6 insertions(+), 1 deletion(-)
In file included from test.c:4:0:
treemap.c: In function ‘firstTreeMap’:
treemap.c:160:1: error: control reaches end of non-void function [-Werror=return-type]
 }
 ^
cc1: all warnings being treated as errors
Compilation failed
2059b96
Fri Apr 22 02:29:52 UTC 2022: 
 treemap.c | 2 ++
 1 file changed, 2 insertions(+)
 tests:  13|5
total_score: 15/70
b5992ac
Fri Apr 22 02:30:28 UTC 2022: 
 treemap.c | 7 +------
 1 file changed, 1 insertion(+), 6 deletions(-)
In file included from test.c:4:0:
treemap.c: In function ‘firstTreeMap’:
treemap.c:155:3: error: expected ‘;’ before ‘}’ token
   }
   ^
Compilation failed
c7f332c
Fri Apr 22 02:30:35 UTC 2022: 
 treemap.c | 2 +-
 1 file changed, 1 insertion(+), 1 deletion(-)
 tests:  13|5
total_score: 15/70
f9897d4
Fri Apr 22 02:31:06 UTC 2022: 
 treemap.c | 6 +-----
 1 file changed, 1 insertion(+), 5 deletions(-)
 tests:  14|5
total_score: 15/70
a60df07
Fri Apr 22 02:32:33 UTC 2022: 
 treemap.c | 2 +-
 1 file changed, 1 insertion(+), 1 deletion(-)
 tests:  13|5
total_score: 15/70
1a95d3e
Fri Apr 22 02:34:07 UTC 2022: 
 treemap.c | 2 +-
 1 file changed, 1 insertion(+), 1 deletion(-)
 tests:  14|5
total_score: 15/70
279295a
Fri Apr 22 02:42:04 UTC 2022: 
 treemap.c | 4 +---
 1 file changed, 1 insertion(+), 3 deletions(-)
 tests:  14|5
total_score: 15/70
604b22e
Fri Apr 22 02:43:10 UTC 2022: 
 treemap.c | 2 +-
 1 file changed, 1 insertion(+), 1 deletion(-)
 tests:  0|0
fd29c6a
Fri Apr 22 02:50:09 UTC 2022: 
 treemap.c | 8 +++++++-
 1 file changed, 7 insertions(+), 1 deletion(-)
In file included from test.c:4:0:
treemap.c: In function ‘firstTreeMap’:
treemap.c:152:27: error: ‘TreeMap {aka struct TreeMap}’ has no member named ‘left’
   if(tree->current == tree->left)
                           ^~
Compilation failed
37cd21f
Fri Apr 22 02:50:38 UTC 2022: 
 treemap.c | 2 +-
 1 file changed, 1 insertion(+), 1 deletion(-)
 tests:  0|0
5857cd0
Fri Apr 22 02:51:15 UTC 2022: 
 treemap.c | 3 ---
 1 file changed, 3 deletions(-)
 tests:  14|5
total_score: 15/70
95e3dea
Fri Apr 22 02:55:34 UTC 2022: 
 treemap.c | 7 +++++++
 1 file changed, 7 insertions(+)
In file included from test.c:4:0:
treemap.c: In function ‘nextTreeMap’:
treemap.c:164:13: error: unused variable ‘aux’ [-Werror=unused-variable]
   TreeNode* aux;
             ^~~
cc1: all warnings being treated as errors
Compilation failed
2c0777f
Fri Apr 22 02:55:52 UTC 2022: 
 treemap.c | 1 -
 1 file changed, 1 deletion(-)
 tests:  14|5
total_score: 15/70
f252781
Fri Apr 22 02:56:14 UTC 2022: 
 treemap.c | 2 +-
 1 file changed, 1 insertion(+), 1 deletion(-)
 tests:  14|5
total_score: 15/70
ee1ed6a
Fri Apr 22 02:58:49 UTC 2022: 
 treemap.c | 9 +++------
 1 file changed, 3 insertions(+), 6 deletions(-)
 tests:  14|5
total_score: 15/70
8fc156d
Fri Apr 22 02:59:20 UTC 2022: 
 treemap.c | 2 +-
 1 file changed, 1 insertion(+), 1 deletion(-)
 tests:  14|5
total_score: 15/70
da0b3af
Fri Apr 22 03:01:47 UTC 2022: 
 treemap.c | 6 ++++--
 1 file changed, 4 insertions(+), 2 deletions(-)
 tests:  0|0
36a6f13
Fri Apr 22 03:02:25 UTC 2022: 
 treemap.c | 2 +-
 1 file changed, 1 insertion(+), 1 deletion(-)
 tests:  14|5
total_score: 15/70
88096df
Fri Apr 22 03:07:46 UTC 2022: 
 treemap.c | 11 ++++-------
 1 file changed, 4 insertions(+), 7 deletions(-)
In file included from test.c:4:0:
treemap.c: In function ‘firstTreeMap’:
treemap.c:153:3: error: expected ‘;’ before ‘if’
   if(tree->lower_than(aux->pair->key, tree->current->pair->key) == 1)
   ^~
Compilation failed
e7eb5d7
Fri Apr 22 03:07:58 UTC 2022: 
 treemap.c | 2 +-
 1 file changed, 1 insertion(+), 1 deletion(-)
 tests:  0|0
1f21763
Fri Apr 22 03:08:36 UTC 2022: 
 treemap.c | 3 +--
 1 file changed, 1 insertion(+), 2 deletions(-)
 tests:  14|5
total_score: 15/70
4001ee5
=======
Thu Apr 21 13:08:02 HSP 2022: 
test.c:6:8: error: '_strdup' redeclared without dllimport attribute: previous dllimport ignored [-Werror=attributes]
    6 | char * _strdup(const char * str) {
      |        ^~~~~~~
cc1.exe: all warnings being treated as errors
Compilation failed
4f88c07
Thu Apr 21 17:11:36 HSP 2022: 
test.c:6:8: error: '_strdup' redeclared without dllimport attribute: previous dllimport ignored [-Werror=attributes]
    6 | char * _strdup(const char * str) {
      |        ^~~~~~~
cc1.exe: all warnings being treated as errors
Compilation failed
783dc79
Thu Apr 21 17:21:35 HSP 2022: 
test.c:6:8: error: '_strdup' redeclared without dllimport attribute: previous dllimport ignored [-Werror=attributes]
    6 | char * _strdup(const char * str) {
      |        ^~~~~~~
cc1.exe: all warnings being treated as errors
Compilation failed
e092f8c
Thu Apr 21 17:26:07 HSP 2022: 
test.c:6:8: error: '_strdup' redeclared without dllimport attribute: previous dllimport ignored [-Werror=attributes]
    6 | char * _strdup(const char * str) {
      |        ^~~~~~~
cc1.exe: all warnings being treated as errors
Compilation failed
0e195af
Thu Apr 21 17:31:27 HSP 2022: 
test.c:6:8: error: '_strdup' redeclared without dllimport attribute: previous dllimport ignored [-Werror=attributes]
    6 | char * _strdup(const char * str) {
      |        ^~~~~~~
cc1.exe: all warnings being treated as errors
Compilation failed
a5acfe4
Thu Apr 21 17:32:05 HSP 2022: 
test.c:6:8: error: '_strdup' redeclared without dllimport attribute: previous dllimport ignored [-Werror=attributes]
    6 | char * _strdup(const char * str) {
      |        ^~~~~~~
cc1.exe: all warnings being treated as errors
Compilation failed
125f613
Thu Apr 21 18:12:00 HSP 2022: 
test.c:6:8: error: '_strdup' redeclared without dllimport attribute: previous dllimport ignored [-Werror=attributes]
    6 | char * _strdup(const char * str) {
      |        ^~~~~~~
cc1.exe: all warnings being treated as errors
Compilation failed
b09c77d
Thu Apr 21 19:15:54 HSP 2022: 
 treemap.c | 85 +++++++++++++++++++++++++++++++++++++++++++++++++++++++--------
 1 file changed, 75 insertions(+), 10 deletions(-)
test.c: In function 'createTreeMap':
test.c:503:5: error: 'main' is normally a non-static function [-Werror=main]
  503 | int main( int argc, char *argv[] ) {
      |     ^~~~
test.c:606:1: error: expected declaration or statement at end of input
  606 | }
      | ^
test.c:607: error: control reaches end of non-void function [-Werror=return-type]
At top level:
test.c:503:5: error: 'main' defined but not used [-Werror=unused-function]
  503 | int main( int argc, char *argv[] ) {
      |     ^~~~
cc1.exe: all warnings being treated as errors
Compilation failed
8de66ac
Thu Apr 21 19:29:38 HSP 2022: 
test.c: In function 'createTreeMap':
test.c:503:5: error: 'main' is normally a non-static function [-Werror=main]
  503 | int main( int argc, char *argv[] ) {
      |     ^~~~
test.c:606:1: error: expected declaration or statement at end of input
  606 | }
      | ^
test.c:607: error: control reaches end of non-void function [-Werror=return-type]
At top level:
test.c:503:5: error: 'main' defined but not used [-Werror=unused-function]
  503 | int main( int argc, char *argv[] ) {
      |     ^~~~
cc1.exe: all warnings being treated as errors
Compilation failed
8a05fd3
Thu Apr 21 19:35:41 HSP 2022: 
test.c: In function 'createTreeMap':
test.c:503:5: error: 'main' is normally a non-static function [-Werror=main]
  503 | int main( int argc, char *argv[] ) {
      |     ^~~~
test.c:606:1: error: expected declaration or statement at end of input
  606 | }
      | ^
test.c:607: error: control reaches end of non-void function [-Werror=return-type]
At top level:
test.c:503:5: error: 'main' defined but not used [-Werror=unused-function]
  503 | int main( int argc, char *argv[] ) {
      |     ^~~~
cc1.exe: all warnings being treated as errors
Compilation failed
a0b4a07
Thu Apr 21 19:35:48 HSP 2022: 
test.c: In function 'createTreeMap':
test.c:503:5: error: 'main' is normally a non-static function [-Werror=main]
  503 | int main( int argc, char *argv[] ) {
      |     ^~~~
test.c:606:1: error: expected declaration or statement at end of input
  606 | }
      | ^
test.c:607: error: control reaches end of non-void function [-Werror=return-type]
At top level:
test.c:503:5: error: 'main' defined but not used [-Werror=unused-function]
  503 | int main( int argc, char *argv[] ) {
      |     ^~~~
cc1.exe: all warnings being treated as errors
Compilation failed
9ae73d5
Thu Apr 21 19:45:23 HSP 2022: 
test.c: In function 'createTreeMap':
test.c:503:5: error: 'main' is normally a non-static function [-Werror=main]
  503 | int main( int argc, char *argv[] ) {
      |     ^~~~
test.c:606:1: error: expected declaration or statement at end of input
  606 | }
      | ^
test.c:607: error: control reaches end of non-void function [-Werror=return-type]
At top level:
test.c:503:5: error: 'main' defined but not used [-Werror=unused-function]
  503 | int main( int argc, char *argv[] ) {
      |     ^~~~
cc1.exe: all warnings being treated as errors
Compilation failed
38e0317
Thu Apr 21 19:45:45 HSP 2022: 
test.c: In function 'createTreeMap':
test.c:503:5: error: 'main' is normally a non-static function [-Werror=main]
  503 | int main( int argc, char *argv[] ) {
      |     ^~~~
test.c:606:1: error: expected declaration or statement at end of input
  606 | }
      | ^
test.c:607: error: control reaches end of non-void function [-Werror=return-type]
At top level:
test.c:503:5: error: 'main' defined but not used [-Werror=unused-function]
  503 | int main( int argc, char *argv[] ) {
      |     ^~~~
cc1.exe: all warnings being treated as errors
Compilation failed
d6d436b
Thu Apr 21 19:56:58 HSP 2022: 
 treemap.c | 5 +++--
 1 file changed, 3 insertions(+), 2 deletions(-)
test.c:6:8: error: '_strdup' redeclared without dllimport attribute: previous dllimport ignored [-Werror=attributes]
    6 | char * _strdup(const char * str) {
      |        ^~~~~~~
cc1.exe: all warnings being treated as errors
Compilation failed
0cdd34c
>>>>>>> 8dae7e13a00bf080e3afefd5c4b3dc436b7bed1f
Fri Apr 22 03:10:09 UTC 2022: 
 treemap.c | Unmerged
 treemap.c | 31 +++++++++++++++++++++++++++++++
 1 file changed, 31 insertions(+)
In file included from test.c:4:0:
treemap.c: In function ‘minimum’:
treemap.c:90:1: error: version control conflict marker in file
 <<<<<<< HEAD
 ^~~~~~~
treemap.c:92:3: error: ‘aux’ undeclared (first use in this function)
   aux = x;
   ^~~
treemap.c:92:3: note: each undeclared identifier is reported only once for each function it appears in
treemap.c: In function ‘removeNode’:
treemap.c:108:1: error: version control conflict marker in file
 =======
 ^~~~~~~
treemap.c: At top level:
treemap.c:124:6: error: redefinition of ‘removeNode’
 void removeNode(TreeMap * tree, TreeNode* node) {
      ^~~~~~~~~~
treemap.c:105:6: note: previous definition of ‘removeNode’ was here
 void removeNode(TreeMap * tree, TreeNode* node)
      ^~~~~~~~~~
treemap.c: In function ‘removeNode’:
treemap.c:125:1: error: version control conflict marker in file
 >>>>>>> 8dae7e13a00bf080e3afefd5c4b3dc436b7bed1f
 ^~~~~~~
treemap.c:125:9: error: invalid suffix "dae7e13a00bf080e3afefd5c4b3dc436b7bed1f" on integer constant
 >>>>>>> 8dae7e13a00bf080e3afefd5c4b3dc436b7bed1f
         ^~~~~~~~~~~~~~~~~~~~~~~~~~~~~~~~~~~~~~~~
treemap.c: In function ‘searchTreeMap’:
treemap.c:151:1: error: version control conflict marker in file
 <<<<<<< HEAD
 ^~~~~~~
treemap.c:153:1: error: version control conflict marker in file
 =======
 ^~~~~~~
treemap.c:155:1: error: version control conflict marker in file
 >>>>>>> 8dae7e13a00bf080e3afefd5c4b3dc436b7bed1f
 ^~~~~~~
treemap.c:155:9: error: invalid suffix "dae7e13a00bf080e3afefd5c4b3dc436b7bed1f" on integer constant
 >>>>>>> 8dae7e13a00bf080e3afefd5c4b3dc436b7bed1f
         ^~~~~~~~~~~~~~~~~~~~~~~~~~~~~~~~~~~~~~~~
treemap.c: At top level:
treemap.c:171:1: error: version control conflict marker in file
 <<<<<<< HEAD
 ^~~~~~~
treemap.c: In function ‘nextTreeMap’:
treemap.c:184:1: error: version control conflict marker in file
 =======
 ^~~~~~~
treemap.c:190:9: error: invalid suffix "dae7e13a00bf080e3afefd5c4b3dc436b7bed1f" on integer constant
 >>>>>>> 8dae7e13a00bf080e3afefd5c4b3dc436b7bed1f
         ^~~~~~~~~~~~~~~~~~~~~~~~~~~~~~~~~~~~~~~~
test.c: In function ‘creaPalabra’:
test.c:47:17: error: implicit declaration of function ‘_strdup’; did you mean ‘strdup’? [-Werror=implicit-function-declaration]
     new->word = _strdup(word);
                 ^~~~~~~
                 strdup
test.c:47:15: error: assignment makes pointer from integer without a cast [-Werror=int-conversion]
     new->word = _strdup(word);
               ^
test.c: In function ‘search_test3’:
test.c:143:17: error: ‘msg’ undeclared (first use in this function)
         sprintf(msg, "encuentra dato con clave %d",key);
                 ^~~
test.c: In function ‘search_test4’:
test.c:164:17: error: ‘msg’ undeclared (first use in this function)
         sprintf(msg, "retorna NULL: search(key=%d)",key);
                 ^~~
test.c: In function ‘insert_test1’:
test.c:174:35: error: passing argument 2 of ‘creaPalabra’ makes pointer from integer without a cast [-Werror=int-conversion]
     Palabra* p = creaPalabra(1273,_strdup("repetido"));
                                   ^~~~~~~
test.c:44:10: note: expected ‘char *’ but argument is of type ‘int’
 Palabra* creaPalabra(int id, char* word){
          ^~~~~~~~~~~
test.c: In function ‘insert_test2’:
test.c:190:34: error: passing argument 2 of ‘creaPalabra’ makes pointer from integer without a cast [-Werror=int-conversion]
     Palabra* p = creaPalabra(900,_strdup("maicol"));
                                  ^~~~~~~
test.c:44:10: note: expected ‘char *’ but argument is of type ‘int’
 Palabra* creaPalabra(int id, char* word){
          ^~~~~~~~~~~
test.c: In function ‘minimum_test’:
test.c:233:17: error: ‘msg’ undeclared (first use in this function); did you mean ‘ok_msg’?
         sprintf(msg,"minimum retorna nodo con clave %d (deberia retornar 1273)",*((int*) n->pair->key));
                 ^~~
                 ok_msg
test.c: In function ‘ub_test1’:
test.c:435:17: error: ‘msg’ undeclared (first use in this function)
         sprintf(msg,"upperbound de 6980 retorna %d",((Palabra*)aux->value)->id);
                 ^~~
test.c: In function ‘ub_test2’:
test.c:450:17: error: ‘msg’ undeclared (first use in this function)
         sprintf(msg,"upperbound de %d retorna NULL",j);
                 ^~~
test.c: In function ‘ub_test3’:
test.c:471:17: error: ‘msg’ undeclared (first use in this function)
         sprintf(msg,"upperbound de %d retorna NULL",j);
                 ^~~
test.c: In function ‘ub_test4’:
test.c:492:17: error: ‘msg’ undeclared (first use in this function)
         sprintf(msg,"upperbound de %d retorna NULL",j);
                 ^~~
test.c: In function ‘nextTreeMap’:
test.c:503:5: error: ‘main’ is normally a non-static function [-Werror=main]
 int main( int argc, char *argv[] ) {
     ^~~~
test.c:606:1: error: expected declaration or statement at end of input
 }
 ^
In file included from test.c:4:0:
treemap.c: In function ‘minimum’:
treemap.c:103:1: error: control reaches end of non-void function [-Werror=return-type]
 }
 ^
treemap.c: In function ‘nextTreeMap’:
test.c:606:1: error: control reaches end of non-void function [-Werror=return-type]
 }
 ^
At top level:
test.c:503:5: error: ‘main’ defined but not used [-Werror=unused-function]
 int main( int argc, char *argv[] ) {
     ^~~~
cc1: all warnings being treated as errors
Compilation failed
91ffef2
Fri Apr 22 18:36:46 UTC 2022: 
 treemap.c | 9 ---------
 1 file changed, 9 deletions(-)
In file included from test.c:4:0:
treemap.c: In function ‘minimum’:
treemap.c:90:1: error: version control conflict marker in file
 <<<<<<< HEAD
 ^~~~~~~
treemap.c:92:3: error: ‘aux’ undeclared (first use in this function)
   aux = x;
   ^~~
treemap.c:92:3: note: each undeclared identifier is reported only once for each function it appears in
treemap.c: In function ‘removeNode’:
treemap.c:108:1: error: version control conflict marker in file
 =======
 ^~~~~~~
treemap.c: At top level:
treemap.c:124:6: error: redefinition of ‘removeNode’
 void removeNode(TreeMap * tree, TreeNode* node) {
      ^~~~~~~~~~
treemap.c:105:6: note: previous definition of ‘removeNode’ was here
 void removeNode(TreeMap * tree, TreeNode* node)
      ^~~~~~~~~~
treemap.c: In function ‘removeNode’:
treemap.c:125:1: error: version control conflict marker in file
 >>>>>>> 8dae7e13a00bf080e3afefd5c4b3dc436b7bed1f
 ^~~~~~~
treemap.c:125:9: error: invalid suffix "dae7e13a00bf080e3afefd5c4b3dc436b7bed1f" on integer constant
 >>>>>>> 8dae7e13a00bf080e3afefd5c4b3dc436b7bed1f
         ^~~~~~~~~~~~~~~~~~~~~~~~~~~~~~~~~~~~~~~~
treemap.c: In function ‘searchTreeMap’:
treemap.c:151:1: error: version control conflict marker in file
 <<<<<<< HEAD
 ^~~~~~~
treemap.c:153:1: error: version control conflict marker in file
 =======
 ^~~~~~~
treemap.c:155:1: error: version control conflict marker in file
 >>>>>>> 8dae7e13a00bf080e3afefd5c4b3dc436b7bed1f
 ^~~~~~~
treemap.c:155:9: error: invalid suffix "dae7e13a00bf080e3afefd5c4b3dc436b7bed1f" on integer constant
 >>>>>>> 8dae7e13a00bf080e3afefd5c4b3dc436b7bed1f
         ^~~~~~~~~~~~~~~~~~~~~~~~~~~~~~~~~~~~~~~~
treemap.c: At top level:
treemap.c:171:1: error: version control conflict marker in file
 <<<<<<< HEAD
 ^~~~~~~
treemap.c: In function ‘minimum’:
treemap.c:103:1: error: control reaches end of non-void function [-Werror=return-type]
 }
 ^
treemap.c: In function ‘nextTreeMap’:
treemap.c:183:1: error: control reaches end of non-void function [-Werror=return-type]
 }
 ^
cc1: all warnings being treated as errors
Compilation failed
56e1fce
Fri Apr 22 18:43:12 UTC 2022: 
 treemap.c | 11 +++++++----
 1 file changed, 7 insertions(+), 4 deletions(-)
In file included from test.c:4:0:
treemap.c: In function ‘minimum’:
treemap.c:90:1: error: version control conflict marker in file
 <<<<<<< HEAD
 ^~~~~~~
treemap.c:92:3: error: ‘aux’ undeclared (first use in this function)
   aux = x;
   ^~~
treemap.c:92:3: note: each undeclared identifier is reported only once for each function it appears in
treemap.c: In function ‘removeNode’:
treemap.c:108:1: error: version control conflict marker in file
 =======
 ^~~~~~~
treemap.c: At top level:
treemap.c:124:6: error: redefinition of ‘removeNode’
 void removeNode(TreeMap * tree, TreeNode* node) {
      ^~~~~~~~~~
treemap.c:105:6: note: previous definition of ‘removeNode’ was here
 void removeNode(TreeMap * tree, TreeNode* node)
      ^~~~~~~~~~
treemap.c: In function ‘removeNode’:
treemap.c:125:1: error: version control conflict marker in file
 >>>>>>> 8dae7e13a00bf080e3afefd5c4b3dc436b7bed1f
 ^~~~~~~
treemap.c:125:9: error: invalid suffix "dae7e13a00bf080e3afefd5c4b3dc436b7bed1f" on integer constant
 >>>>>>> 8dae7e13a00bf080e3afefd5c4b3dc436b7bed1f
         ^~~~~~~~~~~~~~~~~~~~~~~~~~~~~~~~~~~~~~~~
treemap.c: In function ‘searchTreeMap’:
treemap.c:151:1: error: version control conflict marker in file
 <<<<<<< HEAD
 ^~~~~~~
treemap.c:153:1: error: version control conflict marker in file
 =======
 ^~~~~~~
treemap.c:155:1: error: version control conflict marker in file
 >>>>>>> 8dae7e13a00bf080e3afefd5c4b3dc436b7bed1f
 ^~~~~~~
treemap.c:155:9: error: invalid suffix "dae7e13a00bf080e3afefd5c4b3dc436b7bed1f" on integer constant
 >>>>>>> 8dae7e13a00bf080e3afefd5c4b3dc436b7bed1f
         ^~~~~~~~~~~~~~~~~~~~~~~~~~~~~~~~~~~~~~~~
treemap.c: At top level:
treemap.c:171:1: error: version control conflict marker in file
 <<<<<<< HEAD
 ^~~~~~~
treemap.c: In function ‘minimum’:
treemap.c:103:1: error: control reaches end of non-void function [-Werror=return-type]
 }
 ^
treemap.c: In function ‘nextTreeMap’:
treemap.c:186:1: error: control reaches end of non-void function [-Werror=return-type]
 }
 ^
cc1: all warnings being treated as errors
Compilation failed
a733432
Fri Apr 22 18:43:47 UTC 2022: 
In file included from test.c:4:0:
treemap.c: In function ‘minimum’:
treemap.c:90:1: error: version control conflict marker in file
 <<<<<<< HEAD
 ^~~~~~~
treemap.c:92:3: error: ‘aux’ undeclared (first use in this function)
   aux = x;
   ^~~
treemap.c:92:3: note: each undeclared identifier is reported only once for each function it appears in
treemap.c: In function ‘removeNode’:
treemap.c:108:1: error: version control conflict marker in file
 =======
 ^~~~~~~
treemap.c: At top level:
treemap.c:124:6: error: redefinition of ‘removeNode’
 void removeNode(TreeMap * tree, TreeNode* node) {
      ^~~~~~~~~~
treemap.c:105:6: note: previous definition of ‘removeNode’ was here
 void removeNode(TreeMap * tree, TreeNode* node)
      ^~~~~~~~~~
treemap.c: In function ‘removeNode’:
treemap.c:125:1: error: version control conflict marker in file
 >>>>>>> 8dae7e13a00bf080e3afefd5c4b3dc436b7bed1f
 ^~~~~~~
treemap.c:125:9: error: invalid suffix "dae7e13a00bf080e3afefd5c4b3dc436b7bed1f" on integer constant
 >>>>>>> 8dae7e13a00bf080e3afefd5c4b3dc436b7bed1f
         ^~~~~~~~~~~~~~~~~~~~~~~~~~~~~~~~~~~~~~~~
treemap.c: In function ‘searchTreeMap’:
treemap.c:151:1: error: version control conflict marker in file
 <<<<<<< HEAD
 ^~~~~~~
treemap.c:153:1: error: version control conflict marker in file
 =======
 ^~~~~~~
treemap.c:155:1: error: version control conflict marker in file
 >>>>>>> 8dae7e13a00bf080e3afefd5c4b3dc436b7bed1f
 ^~~~~~~
treemap.c:155:9: error: invalid suffix "dae7e13a00bf080e3afefd5c4b3dc436b7bed1f" on integer constant
 >>>>>>> 8dae7e13a00bf080e3afefd5c4b3dc436b7bed1f
         ^~~~~~~~~~~~~~~~~~~~~~~~~~~~~~~~~~~~~~~~
treemap.c: At top level:
treemap.c:171:1: error: version control conflict marker in file
 <<<<<<< HEAD
 ^~~~~~~
treemap.c: In function ‘minimum’:
treemap.c:103:1: error: control reaches end of non-void function [-Werror=return-type]
 }
 ^
treemap.c: In function ‘nextTreeMap’:
treemap.c:186:1: error: control reaches end of non-void function [-Werror=return-type]
 }
 ^
cc1: all warnings being treated as errors
Compilation failed
6b67837
Fri Apr 22 18:45:38 UTC 2022: 
 treemap.c | 9 ++-------
 1 file changed, 2 insertions(+), 7 deletions(-)
In file included from test.c:4:0:
treemap.c: In function ‘removeNode’:
treemap.c:118:10: error: ‘return’ with a value, in function returning void [-Werror]
   return NULL;
          ^~~~
treemap.c:104:6: note: declared here
 void removeNode(TreeMap * tree, TreeNode* node)
      ^~~~~~~~~~
treemap.c: At top level:
treemap.c:122:6: error: redefinition of ‘removeNode’
 void removeNode(TreeMap * tree, TreeNode* node) {
      ^~~~~~~~~~
treemap.c:104:6: note: previous definition of ‘removeNode’ was here
 void removeNode(TreeMap * tree, TreeNode* node)
      ^~~~~~~~~~
treemap.c: In function ‘firstTreeMap’:
treemap.c:173:16: error: return from incompatible pointer type [-Werror=incompatible-pointer-types]
     return tree->current;
            ~~~~^~~~~~~~~
treemap.c: In function ‘nextTreeMap’:
treemap.c:181:1: error: control reaches end of non-void function [-Werror=return-type]
 }
 ^
cc1: all warnings being treated as errors
Compilation failed
9e65db1
Fri Apr 22 18:46:13 UTC 2022: 
 treemap.c | 1 -
 1 file changed, 1 deletion(-)
In file included from test.c:4:0:
treemap.c:121:6: error: redefinition of ‘removeNode’
 void removeNode(TreeMap * tree, TreeNode* node) {
      ^~~~~~~~~~
treemap.c:104:6: note: previous definition of ‘removeNode’ was here
 void removeNode(TreeMap * tree, TreeNode* node)
      ^~~~~~~~~~
treemap.c: In function ‘firstTreeMap’:
treemap.c:172:16: error: return from incompatible pointer type [-Werror=incompatible-pointer-types]
     return tree->current;
            ~~~~^~~~~~~~~
treemap.c: In function ‘nextTreeMap’:
treemap.c:180:1: error: control reaches end of non-void function [-Werror=return-type]
 }
 ^
cc1: all warnings being treated as errors
Compilation failed
e268bf2
Fri Apr 22 18:47:08 UTC 2022: 
 treemap.c | 4 +---
 1 file changed, 1 insertion(+), 3 deletions(-)
In file included from test.c:4:0:
treemap.c: In function ‘firstTreeMap’:
treemap.c:169:16: error: return from incompatible pointer type [-Werror=incompatible-pointer-types]
     return tree->current;
            ~~~~^~~~~~~~~
cc1: all warnings being treated as errors
Compilation failed
2841982
Fri Apr 22 18:47:23 UTC 2022: 
 treemap.c | 2 +-
 1 file changed, 1 insertion(+), 1 deletion(-)
 tests:  15|4
total_score: 20/70
8918234
Fri Apr 22 19:19:45 UTC 2022: 
 treemap.c | 8 +++++++-
 1 file changed, 7 insertions(+), 1 deletion(-)
 tests:  17|4
total_score: 25/70
bb96679
