Thu Apr 21 13:08:02 HSP 2022: 
test.c:6:8: error: '_strdup' redeclared without dllimport attribute: previous dllimport ignored [-Werror=attributes]
    6 | char * _strdup(const char * str) {
      |        ^~~~~~~
cc1.exe: all warnings being treated as errors
Compilation failed
4f88c07
Thu Apr 21 17:11:36 HSP 2022: 
test.c:6:8: error: '_strdup' redeclared without dllimport attribute: previous dllimport ignored [-Werror=attributes]
    6 | char * _strdup(const char * str) {
      |        ^~~~~~~
cc1.exe: all warnings being treated as errors
Compilation failed
783dc79
Thu Apr 21 17:21:35 HSP 2022: 
test.c:6:8: error: '_strdup' redeclared without dllimport attribute: previous dllimport ignored [-Werror=attributes]
    6 | char * _strdup(const char * str) {
      |        ^~~~~~~
cc1.exe: all warnings being treated as errors
Compilation failed
e092f8c
Thu Apr 21 17:26:07 HSP 2022: 
test.c:6:8: error: '_strdup' redeclared without dllimport attribute: previous dllimport ignored [-Werror=attributes]
    6 | char * _strdup(const char * str) {
      |        ^~~~~~~
cc1.exe: all warnings being treated as errors
Compilation failed
0e195af
Thu Apr 21 17:31:27 HSP 2022: 
test.c:6:8: error: '_strdup' redeclared without dllimport attribute: previous dllimport ignored [-Werror=attributes]
    6 | char * _strdup(const char * str) {
      |        ^~~~~~~
cc1.exe: all warnings being treated as errors
Compilation failed
a5acfe4
Thu Apr 21 17:32:05 HSP 2022: 
test.c:6:8: error: '_strdup' redeclared without dllimport attribute: previous dllimport ignored [-Werror=attributes]
    6 | char * _strdup(const char * str) {
      |        ^~~~~~~
cc1.exe: all warnings being treated as errors
Compilation failed
125f613
Thu Apr 21 18:12:00 HSP 2022: 
test.c:6:8: error: '_strdup' redeclared without dllimport attribute: previous dllimport ignored [-Werror=attributes]
    6 | char * _strdup(const char * str) {
      |        ^~~~~~~
cc1.exe: all warnings being treated as errors
Compilation failed
b09c77d
Thu Apr 21 19:15:54 HSP 2022: 
 treemap.c | 85 +++++++++++++++++++++++++++++++++++++++++++++++++++++++--------
 1 file changed, 75 insertions(+), 10 deletions(-)
test.c: In function 'createTreeMap':
test.c:503:5: error: 'main' is normally a non-static function [-Werror=main]
  503 | int main( int argc, char *argv[] ) {
      |     ^~~~
test.c:606:1: error: expected declaration or statement at end of input
  606 | }
      | ^
test.c:607: error: control reaches end of non-void function [-Werror=return-type]
At top level:
test.c:503:5: error: 'main' defined but not used [-Werror=unused-function]
  503 | int main( int argc, char *argv[] ) {
      |     ^~~~
cc1.exe: all warnings being treated as errors
Compilation failed
8de66ac
Thu Apr 21 19:29:38 HSP 2022: 
test.c: In function 'createTreeMap':
test.c:503:5: error: 'main' is normally a non-static function [-Werror=main]
  503 | int main( int argc, char *argv[] ) {
      |     ^~~~
test.c:606:1: error: expected declaration or statement at end of input
  606 | }
      | ^
test.c:607: error: control reaches end of non-void function [-Werror=return-type]
At top level:
test.c:503:5: error: 'main' defined but not used [-Werror=unused-function]
  503 | int main( int argc, char *argv[] ) {
      |     ^~~~
cc1.exe: all warnings being treated as errors
Compilation failed
8a05fd3
Thu Apr 21 19:35:41 HSP 2022: 
test.c: In function 'createTreeMap':
test.c:503:5: error: 'main' is normally a non-static function [-Werror=main]
  503 | int main( int argc, char *argv[] ) {
      |     ^~~~
test.c:606:1: error: expected declaration or statement at end of input
  606 | }
      | ^
test.c:607: error: control reaches end of non-void function [-Werror=return-type]
At top level:
test.c:503:5: error: 'main' defined but not used [-Werror=unused-function]
  503 | int main( int argc, char *argv[] ) {
      |     ^~~~
cc1.exe: all warnings being treated as errors
Compilation failed
a0b4a07
